<?xml version="1.0" encoding="UTF-8" ?>
<testsuite tests="1" failures="0" name="com.niit.junittestcases.ForumDAOTestCase" time="0.334" errors="1" skipped="0">
  <properties>
[...]
</properties>
  <testcase classname="com.niit.junittestcases.ForumDAOTestCase" name="com.niit.junittestcases.ForumDAOTestCase" time="0.334">
    <error message="Error creating bean with name &apos;blogCommentController&apos;: Unsatisfied dependency expressed through field &apos;session&apos;; nested exception is org.springframework.beans.factory.NoSuchBeanDefinitionException: No qualifying bean of type &apos;javax.servlet.http.HttpSession&apos; available: expected at least 1 bean which qualifies as autowire candidate. Dependency annotations: {@org.springframework.beans.factory.annotation.Autowired(required=true)}" type="org.springframework.beans.factory.UnsatisfiedDependencyException">org.springframework.beans.factory.UnsatisfiedDependencyException: Error creating bean with name &apos;blogCommentController&apos;: Unsatisfied dependency expressed through field &apos;session&apos;; nested exception is org.springframework.beans.factory.NoSuchBeanDefinitionException: No qualifying bean of type &apos;javax.servlet.http.HttpSession&apos; available: expected at least 1 bean which qualifies as autowire candidate. Dependency annotations: {@org.springframework.beans.factory.annotation.Autowired(required=true)}
	at org.springframework.beans.factory.annotation.AutowiredAnnotationBeanPostProcessor$AutowiredFieldElement.inject(AutowiredAnnotationBeanPostProcessor.java:588)
	at org.springframework.beans.factory.annotation.InjectionMetadata.inject(InjectionMetadata.java:88)
	at org.springframework.beans.factory.annotation.AutowiredAnnotationBeanPostProcessor.postProcessPropertyValues(AutowiredAnnotationBeanPostProcessor.java:366)
	at org.springframework.beans.factory.support.AbstractAutowireCapableBeanFactory.populateBean(AbstractAutowireCapableBeanFactory.java:1264)
	at org.springframework.beans.factory.support.AbstractAutowireCapableBeanFactory.doCreateBean(AbstractAutowireCapableBeanFactory.java:553)
	at org.springframework.beans.factory.support.AbstractAutowireCapableBeanFactory.createBean(AbstractAutowireCapableBeanFactory.java:483)
	at org.springframework.beans.factory.support.AbstractBeanFactory$1.getObject(AbstractBeanFactory.java:306)
	at org.springframework.beans.factory.support.DefaultSingletonBeanRegistry.getSingleton(DefaultSingletonBeanRegistry.java:230)
	at org.springframework.beans.factory.support.AbstractBeanFactory.doGetBean(AbstractBeanFactory.java:302)
	at org.springframework.beans.factory.support.AbstractBeanFactory.getBean(AbstractBeanFactory.java:197)
	at org.springframework.beans.factory.support.DefaultListableBeanFactory.preInstantiateSingletons(DefaultListableBeanFactory.java:761)
	at org.springframework.context.support.AbstractApplicationContext.finishBeanFactoryInitialization(AbstractApplicationContext.java:867)
	at org.springframework.context.support.AbstractApplicationContext.refresh(AbstractApplicationContext.java:543)
	at com.niit.junittestcases.ForumDAOTestCase.initialize(ForumDAOTestCase.java:30)
	at sun.reflect.NativeMethodAccessorImpl.invoke0(Native Method)
	at sun.reflect.NativeMethodAccessorImpl.invoke(NativeMethodAccessorImpl.java:62)
	at sun.reflect.DelegatingMethodAccessorImpl.invoke(DelegatingMethodAccessorImpl.java:43)
	at java.lang.reflect.Method.invoke(Method.java:498)
	at org.junit.runners.model.FrameworkMethod$1.runReflectiveCall(FrameworkMethod.java:50)
	at org.junit.internal.runners.model.ReflectiveCallable.run(ReflectiveCallable.java:12)
	at org.junit.runners.model.FrameworkMethod.invokeExplosively(FrameworkMethod.java:47)
	at org.junit.internal.runners.statements.RunBefores.evaluate(RunBefores.java:24)
	at org.junit.runners.ParentRunner.run(ParentRunner.java:363)
	at org.apache.maven.surefire.junit4.JUnit4Provider.execute(JUnit4Provider.java:252)
	at org.apache.maven.surefire.junit4.JUnit4Provider.executeTestSet(JUnit4Provider.java:141)
	at org.apache.maven.surefire.junit4.JUnit4Provider.invoke(JUnit4Provider.java:112)
	at sun.reflect.NativeMethodAccessorImpl.invoke0(Native Method)
	at sun.reflect.NativeMethodAccessorImpl.invoke(NativeMethodAccessorImpl.java:62)
	at sun.reflect.DelegatingMethodAccessorImpl.invoke(DelegatingMethodAccessorImpl.java:43)
	at java.lang.reflect.Method.invoke(Method.java:498)
	at org.apache.maven.surefire.util.ReflectionUtils.invokeMethodWithArray(ReflectionUtils.java:189)
	at org.apache.maven.surefire.booter.ProviderFactory$ProviderProxy.invoke(ProviderFactory.java:165)
	at org.apache.maven.surefire.booter.ProviderFactory.invokeProvider(ProviderFactory.java:85)
	at org.apache.maven.surefire.booter.ForkedBooter.runSuitesInProcess(ForkedBooter.java:115)
	at org.apache.maven.surefire.booter.ForkedBooter.main(ForkedBooter.java:75)
Caused by: org.springframework.beans.factory.NoSuchBeanDefinitionException: No qualifying bean of type &apos;javax.servlet.http.HttpSession&apos; available: expected at least 1 bean which qualifies as autowire candidate. Dependency annotations: {@org.springframework.beans.factory.annotation.Autowired(required=true)}
	at org.springframework.beans.factory.support.DefaultListableBeanFactory.raiseNoMatchingBeanFound(DefaultListableBeanFactory.java:1493)
	at org.springframework.beans.factory.support.DefaultListableBeanFactory.doResolveDependency(DefaultListableBeanFactory.java:1104)
	at org.springframework.beans.factory.support.DefaultListableBeanFactory.resolveDependency(DefaultListableBeanFactory.java:1066)
	at org.springframework.beans.factory.annotation.AutowiredAnnotationBeanPostProcessor$AutowiredFieldElement.inject(AutowiredAnnotationBeanPostProcessor.java:585)
	... 34 more
</error>
    <system-out>17:40:02.586 [main] DEBUG com.niit.config.ApplicationContextConfig - Starting of the method getOracleDataSource
17:40:02.587 [main] DEBUG com.niit.config.ApplicationContextConfig - Setting the data source :null
17:40:02.587 [main] DEBUG com.niit.config.ApplicationContextConfig - Ending of the method getOracleDataSource
17:40:02.592 [main] DEBUG com.niit.config.ApplicationContextConfig - Starting of the method getSessionFactory
17:40:02.592 [main] DEBUG org.hibernate.type.BasicTypeRegistry - Adding type registration boolean -&gt; org.hibernate.type.BooleanType@5a37d3ed
17:40:02.592 [main] DEBUG org.hibernate.type.BasicTypeRegistry - Adding type registration boolean -&gt; org.hibernate.type.BooleanType@5a37d3ed
17:40:02.592 [main] DEBUG org.hibernate.type.BasicTypeRegistry - Adding type registration java.lang.Boolean -&gt; org.hibernate.type.BooleanType@5a37d3ed
17:40:02.592 [main] DEBUG org.hibernate.type.BasicTypeRegistry - Adding type registration numeric_boolean -&gt; org.hibernate.type.NumericBooleanType@52e7a6b2
17:40:02.592 [main] DEBUG org.hibernate.type.BasicTypeRegistry - Adding type registration true_false -&gt; org.hibernate.type.TrueFalseType@6f6745d6
17:40:02.592 [main] DEBUG org.hibernate.type.BasicTypeRegistry - Adding type registration yes_no -&gt; org.hibernate.type.YesNoType@4b5189ac
17:40:02.592 [main] DEBUG org.hibernate.type.BasicTypeRegistry - Adding type registration byte -&gt; org.hibernate.type.ByteType@1acaf3d
17:40:02.592 [main] DEBUG org.hibernate.type.BasicTypeRegistry - Adding type registration byte -&gt; org.hibernate.type.ByteType@1acaf3d
17:40:02.592 [main] DEBUG org.hibernate.type.BasicTypeRegistry - Adding type registration java.lang.Byte -&gt; org.hibernate.type.ByteType@1acaf3d
17:40:02.592 [main] DEBUG org.hibernate.type.BasicTypeRegistry - Adding type registration character -&gt; org.hibernate.type.CharacterType@2b9ed6da
17:40:02.593 [main] DEBUG org.hibernate.type.BasicTypeRegistry - Adding type registration char -&gt; org.hibernate.type.CharacterType@2b9ed6da
17:40:02.593 [main] DEBUG org.hibernate.type.BasicTypeRegistry - Adding type registration java.lang.Character -&gt; org.hibernate.type.CharacterType@2b9ed6da
17:40:02.593 [main] DEBUG org.hibernate.type.BasicTypeRegistry - Adding type registration short -&gt; org.hibernate.type.ShortType@34f6515b
17:40:02.593 [main] DEBUG org.hibernate.type.BasicTypeRegistry - Adding type registration short -&gt; org.hibernate.type.ShortType@34f6515b
17:40:02.593 [main] DEBUG org.hibernate.type.BasicTypeRegistry - Adding type registration java.lang.Short -&gt; org.hibernate.type.ShortType@34f6515b
17:40:02.593 [main] DEBUG org.hibernate.type.BasicTypeRegistry - Adding type registration integer -&gt; org.hibernate.type.IntegerType@57c03d88
17:40:02.593 [main] DEBUG org.hibernate.type.BasicTypeRegistry - Adding type registration int -&gt; org.hibernate.type.IntegerType@57c03d88
17:40:02.593 [main] DEBUG org.hibernate.type.BasicTypeRegistry - Adding type registration java.lang.Integer -&gt; org.hibernate.type.IntegerType@57c03d88
17:40:02.593 [main] DEBUG org.hibernate.type.BasicTypeRegistry - Adding type registration long -&gt; org.hibernate.type.LongType@4f74980d
17:40:02.593 [main] DEBUG org.hibernate.type.BasicTypeRegistry - Adding type registration long -&gt; org.hibernate.type.LongType@4f74980d
17:40:02.593 [main] DEBUG org.hibernate.type.BasicTypeRegistry - Adding type registration java.lang.Long -&gt; org.hibernate.type.LongType@4f74980d
17:40:02.594 [main] DEBUG org.hibernate.type.BasicTypeRegistry - Adding type registration float -&gt; org.hibernate.type.FloatType@57ad2aa7
17:40:02.594 [main] DEBUG org.hibernate.type.BasicTypeRegistry - Adding type registration float -&gt; org.hibernate.type.FloatType@57ad2aa7
17:40:02.594 [main] DEBUG org.hibernate.type.BasicTypeRegistry - Adding type registration java.lang.Float -&gt; org.hibernate.type.FloatType@57ad2aa7
17:40:02.594 [main] DEBUG org.hibernate.type.BasicTypeRegistry - Adding type registration double -&gt; org.hibernate.type.DoubleType@4fbe37eb
17:40:02.594 [main] DEBUG org.hibernate.type.BasicTypeRegistry - Adding type registration double -&gt; org.hibernate.type.DoubleType@4fbe37eb
17:40:02.594 [main] DEBUG org.hibernate.type.BasicTypeRegistry - Adding type registration java.lang.Double -&gt; org.hibernate.type.DoubleType@4fbe37eb
17:40:02.594 [main] DEBUG org.hibernate.type.BasicTypeRegistry - Adding type registration big_decimal -&gt; org.hibernate.type.BigDecimalType@61eaec38
17:40:02.594 [main] DEBUG org.hibernate.type.BasicTypeRegistry - Adding type registration java.math.BigDecimal -&gt; org.hibernate.type.BigDecimalType@61eaec38
17:40:02.594 [main] DEBUG org.hibernate.type.BasicTypeRegistry - Adding type registration big_integer -&gt; org.hibernate.type.BigIntegerType@1205bd62
17:40:02.594 [main] DEBUG org.hibernate.type.BasicTypeRegistry - Adding type registration java.math.BigInteger -&gt; org.hibernate.type.BigIntegerType@1205bd62
17:40:02.594 [main] DEBUG org.hibernate.type.BasicTypeRegistry - Adding type registration string -&gt; org.hibernate.type.StringType@31920ade
17:40:02.595 [main] DEBUG org.hibernate.type.BasicTypeRegistry - Adding type registration java.lang.String -&gt; org.hibernate.type.StringType@31920ade
17:40:02.595 [main] DEBUG org.hibernate.type.BasicTypeRegistry - Adding type registration nstring -&gt; org.hibernate.type.StringNVarcharType@55cf0d14
17:40:02.595 [main] DEBUG org.hibernate.type.BasicTypeRegistry - Adding type registration ncharacter -&gt; org.hibernate.type.CharacterNCharType@1fd14d74
17:40:02.595 [main] DEBUG org.hibernate.type.BasicTypeRegistry - Adding type registration url -&gt; org.hibernate.type.UrlType@1ae8bcbc
17:40:02.595 [main] DEBUG org.hibernate.type.BasicTypeRegistry - Adding type registration java.net.URL -&gt; org.hibernate.type.UrlType@1ae8bcbc
17:40:02.595 [main] DEBUG org.hibernate.type.BasicTypeRegistry - Adding type registration date -&gt; org.hibernate.type.DateType@4b7dc788
17:40:02.595 [main] DEBUG org.hibernate.type.BasicTypeRegistry - Adding type registration java.sql.Date -&gt; org.hibernate.type.DateType@4b7dc788
17:40:02.595 [main] DEBUG org.hibernate.type.BasicTypeRegistry - Adding type registration time -&gt; org.hibernate.type.TimeType@27d5a580
17:40:02.595 [main] DEBUG org.hibernate.type.BasicTypeRegistry - Adding type registration java.sql.Time -&gt; org.hibernate.type.TimeType@27d5a580
17:40:02.595 [main] DEBUG org.hibernate.type.BasicTypeRegistry - Adding type registration timestamp -&gt; org.hibernate.type.TimestampType@19e7a160
17:40:02.595 [main] DEBUG org.hibernate.type.BasicTypeRegistry - Adding type registration java.sql.Timestamp -&gt; org.hibernate.type.TimestampType@19e7a160
17:40:02.595 [main] DEBUG org.hibernate.type.BasicTypeRegistry - Adding type registration java.util.Date -&gt; org.hibernate.type.TimestampType@19e7a160
17:40:02.595 [main] DEBUG org.hibernate.type.BasicTypeRegistry - Adding type registration dbtimestamp -&gt; org.hibernate.type.DbTimestampType@16b2bb0c
17:40:02.595 [main] DEBUG org.hibernate.type.BasicTypeRegistry - Adding type registration calendar -&gt; org.hibernate.type.CalendarType@30bce90b
17:40:02.595 [main] DEBUG org.hibernate.type.BasicTypeRegistry - Adding type registration java.util.Calendar -&gt; org.hibernate.type.CalendarType@30bce90b
17:40:02.595 [main] DEBUG org.hibernate.type.BasicTypeRegistry - Adding type registration java.util.GregorianCalendar -&gt; org.hibernate.type.CalendarType@30bce90b
17:40:02.595 [main] DEBUG org.hibernate.type.BasicTypeRegistry - Adding type registration calendar_date -&gt; org.hibernate.type.CalendarDateType@2474f125
17:40:02.595 [main] DEBUG org.hibernate.type.BasicTypeRegistry - Adding type registration locale -&gt; org.hibernate.type.LocaleType@4eaf3684
17:40:02.595 [main] DEBUG org.hibernate.type.BasicTypeRegistry - Adding type registration java.util.Locale -&gt; org.hibernate.type.LocaleType@4eaf3684
17:40:02.595 [main] DEBUG org.hibernate.type.BasicTypeRegistry - Adding type registration currency -&gt; org.hibernate.type.CurrencyType@b978d10
17:40:02.595 [main] DEBUG org.hibernate.type.BasicTypeRegistry - Adding type registration java.util.Currency -&gt; org.hibernate.type.CurrencyType@b978d10
17:40:02.595 [main] DEBUG org.hibernate.type.BasicTypeRegistry - Adding type registration timezone -&gt; org.hibernate.type.TimeZoneType@6676f6a0
17:40:02.595 [main] DEBUG org.hibernate.type.BasicTypeRegistry - Adding type registration java.util.TimeZone -&gt; org.hibernate.type.TimeZoneType@6676f6a0
17:40:02.595 [main] DEBUG org.hibernate.type.BasicTypeRegistry - Adding type registration class -&gt; org.hibernate.type.ClassType@11f0a5a1
17:40:02.595 [main] DEBUG org.hibernate.type.BasicTypeRegistry - Adding type registration java.lang.Class -&gt; org.hibernate.type.ClassType@11f0a5a1
17:40:02.595 [main] DEBUG org.hibernate.type.BasicTypeRegistry - Adding type registration uuid-binary -&gt; org.hibernate.type.UUIDBinaryType@5a5338df
17:40:02.595 [main] DEBUG org.hibernate.type.BasicTypeRegistry - Adding type registration java.util.UUID -&gt; org.hibernate.type.UUIDBinaryType@5a5338df
17:40:02.595 [main] DEBUG org.hibernate.type.BasicTypeRegistry - Adding type registration uuid-char -&gt; org.hibernate.type.UUIDCharType@5082d622
17:40:02.595 [main] DEBUG org.hibernate.type.BasicTypeRegistry - Adding type registration pg-uuid -&gt; org.hibernate.type.PostgresUUIDType@4278284b
17:40:02.595 [main] DEBUG org.hibernate.type.BasicTypeRegistry - Adding type registration binary -&gt; org.hibernate.type.BinaryType@53251a66
17:40:02.595 [main] DEBUG org.hibernate.type.BasicTypeRegistry - Adding type registration byte[] -&gt; org.hibernate.type.BinaryType@53251a66
17:40:02.596 [main] DEBUG org.hibernate.type.BasicTypeRegistry - Adding type registration [B -&gt; org.hibernate.type.BinaryType@53251a66
17:40:02.596 [main] DEBUG org.hibernate.type.BasicTypeRegistry - Adding type registration wrapper-binary -&gt; org.hibernate.type.WrapperBinaryType@7d898981
17:40:02.596 [main] DEBUG org.hibernate.type.BasicTypeRegistry - Adding type registration Byte[] -&gt; org.hibernate.type.WrapperBinaryType@7d898981
17:40:02.596 [main] DEBUG org.hibernate.type.BasicTypeRegistry - Adding type registration [Ljava.lang.Byte; -&gt; org.hibernate.type.WrapperBinaryType@7d898981
17:40:02.596 [main] DEBUG org.hibernate.type.BasicTypeRegistry - Adding type registration image -&gt; org.hibernate.type.ImageType@6c0d7c83
17:40:02.596 [main] DEBUG org.hibernate.type.BasicTypeRegistry - Adding type registration characters -&gt; org.hibernate.type.CharArrayType@4f6f416f
17:40:02.596 [main] DEBUG org.hibernate.type.BasicTypeRegistry - Adding type registration char[] -&gt; org.hibernate.type.CharArrayType@4f6f416f
17:40:02.596 [main] DEBUG org.hibernate.type.BasicTypeRegistry - Adding type registration [C -&gt; org.hibernate.type.CharArrayType@4f6f416f
17:40:02.596 [main] DEBUG org.hibernate.type.BasicTypeRegistry - Adding type registration wrapper-characters -&gt; org.hibernate.type.CharacterArrayType@7b8b43c7
17:40:02.596 [main] DEBUG org.hibernate.type.BasicTypeRegistry - Adding type registration [Ljava.lang.Character; -&gt; org.hibernate.type.CharacterArrayType@7b8b43c7
17:40:02.596 [main] DEBUG org.hibernate.type.BasicTypeRegistry - Adding type registration Character[] -&gt; org.hibernate.type.CharacterArrayType@7b8b43c7
17:40:02.596 [main] DEBUG org.hibernate.type.BasicTypeRegistry - Adding type registration text -&gt; org.hibernate.type.TextType@7fcf2fc1
17:40:02.596 [main] DEBUG org.hibernate.type.BasicTypeRegistry - Adding type registration ntext -&gt; org.hibernate.type.NTextType@20435c40
17:40:02.596 [main] DEBUG org.hibernate.type.BasicTypeRegistry - Adding type registration blob -&gt; org.hibernate.type.BlobType@4397ad89
17:40:02.596 [main] DEBUG org.hibernate.type.BasicTypeRegistry - Adding type registration java.sql.Blob -&gt; org.hibernate.type.BlobType@4397ad89
17:40:02.596 [main] DEBUG org.hibernate.type.BasicTypeRegistry - Adding type registration materialized_blob -&gt; org.hibernate.type.MaterializedBlobType@6f19ac19
17:40:02.596 [main] DEBUG org.hibernate.type.BasicTypeRegistry - Adding type registration clob -&gt; org.hibernate.type.ClobType@2d778add
17:40:02.596 [main] DEBUG org.hibernate.type.BasicTypeRegistry - Adding type registration java.sql.Clob -&gt; org.hibernate.type.ClobType@2d778add
17:40:02.596 [main] DEBUG org.hibernate.type.BasicTypeRegistry - Adding type registration nclob -&gt; org.hibernate.type.NClobType@7922d892
17:40:02.596 [main] DEBUG org.hibernate.type.BasicTypeRegistry - Adding type registration java.sql.NClob -&gt; org.hibernate.type.NClobType@7922d892
17:40:02.596 [main] DEBUG org.hibernate.type.BasicTypeRegistry - Adding type registration materialized_clob -&gt; org.hibernate.type.MaterializedClobType@50de186c
17:40:02.596 [main] DEBUG org.hibernate.type.BasicTypeRegistry - Adding type registration materialized_nclob -&gt; org.hibernate.type.MaterializedNClobType@51549490
17:40:02.597 [main] DEBUG org.hibernate.type.BasicTypeRegistry - Adding type registration serializable -&gt; org.hibernate.type.SerializableType@7daa0fbd
17:40:02.597 [main] DEBUG org.hibernate.type.BasicTypeRegistry - Adding type registration object -&gt; org.hibernate.type.ObjectType@36b4091c
17:40:02.597 [main] DEBUG org.hibernate.type.BasicTypeRegistry - Adding type registration java.lang.Object -&gt; org.hibernate.type.ObjectType@36b4091c
17:40:02.597 [main] DEBUG org.hibernate.type.BasicTypeRegistry - Adding type registration imm_date -&gt; org.hibernate.type.AdaptedImmutableType@4596f8f3
17:40:02.597 [main] DEBUG org.hibernate.type.BasicTypeRegistry - Adding type registration imm_time -&gt; org.hibernate.type.AdaptedImmutableType@ccf91df
17:40:02.597 [main] DEBUG org.hibernate.type.BasicTypeRegistry - Adding type registration imm_timestamp -&gt; org.hibernate.type.AdaptedImmutableType@117d32e
17:40:02.597 [main] DEBUG org.hibernate.type.BasicTypeRegistry - Adding type registration imm_dbtimestamp -&gt; org.hibernate.type.AdaptedImmutableType@51d387d3
17:40:02.597 [main] DEBUG org.hibernate.type.BasicTypeRegistry - Adding type registration imm_calendar -&gt; org.hibernate.type.AdaptedImmutableType@2370ac7a
17:40:02.597 [main] DEBUG org.hibernate.type.BasicTypeRegistry - Adding type registration imm_calendar_date -&gt; org.hibernate.type.AdaptedImmutableType@534180a2
17:40:02.597 [main] DEBUG org.hibernate.type.BasicTypeRegistry - Adding type registration imm_binary -&gt; org.hibernate.type.AdaptedImmutableType@6cf0a747
17:40:02.597 [main] DEBUG org.hibernate.type.BasicTypeRegistry - Adding type registration imm_serializable -&gt; org.hibernate.type.AdaptedImmutableType@21505815
17:40:02.597 [main] DEBUG org.hibernate.id.factory.internal.DefaultIdentifierGeneratorFactory - Registering IdentifierGenerator strategy [uuid2] -&gt; [org.hibernate.id.UUIDGenerator]
17:40:02.597 [main] DEBUG org.hibernate.id.factory.internal.DefaultIdentifierGeneratorFactory - Registering IdentifierGenerator strategy [guid] -&gt; [org.hibernate.id.GUIDGenerator]
17:40:02.597 [main] DEBUG org.hibernate.id.factory.internal.DefaultIdentifierGeneratorFactory - Registering IdentifierGenerator strategy [uuid] -&gt; [org.hibernate.id.UUIDHexGenerator]
17:40:02.597 [main] DEBUG org.hibernate.id.factory.internal.DefaultIdentifierGeneratorFactory - Registering IdentifierGenerator strategy [uuid.hex] -&gt; [org.hibernate.id.UUIDHexGenerator]
17:40:02.597 [main] DEBUG org.hibernate.id.factory.internal.DefaultIdentifierGeneratorFactory - Registering IdentifierGenerator strategy [hilo] -&gt; [org.hibernate.id.TableHiLoGenerator]
17:40:02.598 [main] DEBUG org.hibernate.id.factory.internal.DefaultIdentifierGeneratorFactory - Registering IdentifierGenerator strategy [assigned] -&gt; [org.hibernate.id.Assigned]
17:40:02.598 [main] DEBUG org.hibernate.id.factory.internal.DefaultIdentifierGeneratorFactory - Registering IdentifierGenerator strategy [identity] -&gt; [org.hibernate.id.IdentityGenerator]
17:40:02.598 [main] DEBUG org.hibernate.id.factory.internal.DefaultIdentifierGeneratorFactory - Registering IdentifierGenerator strategy [select] -&gt; [org.hibernate.id.SelectGenerator]
17:40:02.598 [main] DEBUG org.hibernate.id.factory.internal.DefaultIdentifierGeneratorFactory - Registering IdentifierGenerator strategy [sequence] -&gt; [org.hibernate.id.SequenceGenerator]
17:40:02.598 [main] DEBUG org.hibernate.id.factory.internal.DefaultIdentifierGeneratorFactory - Registering IdentifierGenerator strategy [seqhilo] -&gt; [org.hibernate.id.SequenceHiLoGenerator]
17:40:02.598 [main] DEBUG org.hibernate.id.factory.internal.DefaultIdentifierGeneratorFactory - Registering IdentifierGenerator strategy [increment] -&gt; [org.hibernate.id.IncrementGenerator]
17:40:02.598 [main] DEBUG org.hibernate.id.factory.internal.DefaultIdentifierGeneratorFactory - Registering IdentifierGenerator strategy [foreign] -&gt; [org.hibernate.id.ForeignGenerator]
17:40:02.598 [main] DEBUG org.hibernate.id.factory.internal.DefaultIdentifierGeneratorFactory - Registering IdentifierGenerator strategy [sequence-identity] -&gt; [org.hibernate.id.SequenceIdentityGenerator]
17:40:02.598 [main] DEBUG org.hibernate.id.factory.internal.DefaultIdentifierGeneratorFactory - Registering IdentifierGenerator strategy [enhanced-sequence] -&gt; [org.hibernate.id.enhanced.SequenceStyleGenerator]
17:40:02.613 [main] DEBUG org.hibernate.id.factory.internal.DefaultIdentifierGeneratorFactory - Registering IdentifierGenerator strategy [enhanced-table] -&gt; [org.hibernate.id.enhanced.TableGenerator]
17:40:02.613 [main] DEBUG com.niit.config.ApplicationContextConfig - Starting of the method getHibernateProperties
17:40:02.613 [main] DEBUG com.niit.config.ApplicationContextConfig - Ending of the method getHibernateProperties
session factory
17:40:02.647 [main] DEBUG com.niit.config.ApplicationContextConfig - Ending of the method getSessionFactory
17:40:02.647 [main] DEBUG org.hibernate.integrator.internal.IntegratorServiceImpl - Adding Integrator [org.hibernate.cfg.beanvalidation.BeanValidationIntegrator].
17:40:02.647 [main] DEBUG org.hibernate.integrator.internal.IntegratorServiceImpl - Adding Integrator [org.hibernate.secure.spi.JaccIntegrator].
17:40:02.647 [main] DEBUG org.hibernate.integrator.internal.IntegratorServiceImpl - Adding Integrator [org.hibernate.cache.internal.CollectionCacheInvalidator].
17:40:02.648 [main] DEBUG org.hibernate.boot.registry.selector.internal.StrategySelectorImpl - Registering named strategy selector [org.hibernate.dialect.Dialect] : [MySQL5] -&gt; [org.hibernate.dialect.MySQL5Dialect] (replacing [org.hibernate.dialect.MySQL5Dialect])
17:40:02.648 [main] DEBUG org.hibernate.boot.registry.selector.internal.StrategySelectorImpl - Registering named strategy selector [org.hibernate.dialect.Dialect] : [MySQL5InnoDB] -&gt; [org.hibernate.dialect.MySQL5InnoDBDialect] (replacing [org.hibernate.dialect.MySQL5InnoDBDialect])
17:40:02.663 [main] DEBUG org.hibernate.service.spi.ServiceBinding - Overriding existing service binding [org.hibernate.secure.spi.JaccService]
17:40:02.663 [main] DEBUG org.hibernate.cfg.Configuration - Preparing to build session factory with filters : {}
17:40:02.701 [main] DEBUG org.hibernate.engine.jdbc.internal.JdbcServicesImpl - Database -&gt;
       name : H2
    version : 1.4.195 (2017-04-23)
      major : 1
      minor : 4
17:40:02.701 [main] DEBUG org.hibernate.engine.jdbc.internal.JdbcServicesImpl - Driver -&gt;
       name : H2 JDBC Driver
    version : 1.4.195 (2017-04-23)
      major : 1
      minor : 4
17:40:02.701 [main] DEBUG org.hibernate.engine.jdbc.internal.JdbcServicesImpl - JDBC version : 4.0
17:40:02.701 [main] DEBUG org.hibernate.engine.jdbc.cursor.internal.StandardRefCursorSupport - Unexpected error trying to gauge level of JDBC REF_CURSOR support : null
17:40:02.704 [main] INFO org.hibernate.dialect.Dialect - HHH000400: Using dialect: org.hibernate.dialect.H2Dialect
17:40:02.707 [main] DEBUG org.hibernate.cfg.Configuration - Processing hbm.xml files
17:40:02.707 [main] DEBUG org.hibernate.cfg.Configuration - Process annotated classes
17:40:02.707 [main] DEBUG org.hibernate.cfg.AnnotationBinder - Binding entity from annotated class: com.niit.model.Blog
17:40:02.708 [main] DEBUG org.hibernate.cfg.Ejb3Column - Binding column: Ejb3DiscriminatorColumn{logicalColumnName&apos;DTYPE&apos;, discriminatorTypeName=&apos;string&apos;}
17:40:02.708 [main] DEBUG org.hibernate.cfg.AnnotationBinder - No value specified for &apos;javax.persistence.sharedCache.mode&apos;; using UNSPECIFIED
17:40:02.708 [main] DEBUG org.hibernate.cfg.annotations.EntityBinder - Import with entity name Blog
17:40:02.714 [main] DEBUG org.hibernate.cfg.annotations.EntityBinder - Bind entity com.niit.model.Blog on table CBlog
17:40:02.715 [main] DEBUG org.hibernate.cfg.Ejb3Column - Binding column: Ejb3Column{table=org.hibernate.mapping.Table(CBlog), mappingColumn=blogId, insertable=true, updatable=true, unique=false}
17:40:02.716 [main] DEBUG org.hibernate.cfg.annotations.PropertyBinder - MetadataSourceProcessor property blogId with lazy=false
17:40:02.716 [main] DEBUG org.hibernate.cfg.AbstractPropertyHolder - Attempting to locate auto-apply AttributeConverter for property [com.niit.model.Blog:blogId]
17:40:02.716 [main] DEBUG org.hibernate.cfg.annotations.SimpleValueBinder - building SimpleValue for blogId
17:40:02.716 [main] DEBUG org.hibernate.cfg.annotations.PropertyBinder - Building property blogId
17:40:02.717 [main] DEBUG org.hibernate.cfg.Ejb3Column - Binding column: Ejb3Column{table=org.hibernate.mapping.Table(CBlog), mappingColumn=blogContent, insertable=true, updatable=true, unique=false}
17:40:02.717 [main] DEBUG org.hibernate.cfg.annotations.PropertyBinder - MetadataSourceProcessor property blogContent with lazy=false
17:40:02.717 [main] DEBUG org.hibernate.cfg.AbstractPropertyHolder - Attempting to locate auto-apply AttributeConverter for property [com.niit.model.Blog:blogContent]
17:40:02.717 [main] DEBUG org.hibernate.cfg.annotations.SimpleValueBinder - building SimpleValue for blogContent
17:40:02.717 [main] DEBUG org.hibernate.cfg.annotations.PropertyBinder - Building property blogContent
17:40:02.717 [main] DEBUG org.hibernate.cfg.Ejb3Column - Binding column: Ejb3Column{table=org.hibernate.mapping.Table(CBlog), mappingColumn=blogName, insertable=true, updatable=true, unique=false}
17:40:02.717 [main] DEBUG org.hibernate.cfg.annotations.PropertyBinder - MetadataSourceProcessor property blogName with lazy=false
17:40:02.717 [main] DEBUG org.hibernate.cfg.AbstractPropertyHolder - Attempting to locate auto-apply AttributeConverter for property [com.niit.model.Blog:blogName]
17:40:02.717 [main] DEBUG org.hibernate.cfg.annotations.SimpleValueBinder - building SimpleValue for blogName
17:40:02.717 [main] DEBUG org.hibernate.cfg.annotations.PropertyBinder - Building property blogName
17:40:02.718 [main] DEBUG org.hibernate.cfg.Ejb3Column - Binding column: Ejb3Column{table=org.hibernate.mapping.Table(CBlog), mappingColumn=createDate, insertable=true, updatable=true, unique=false}
17:40:02.718 [main] DEBUG org.hibernate.cfg.annotations.PropertyBinder - MetadataSourceProcessor property createDate with lazy=false
17:40:02.719 [main] DEBUG org.hibernate.cfg.AbstractPropertyHolder - Attempting to locate auto-apply AttributeConverter for property [com.niit.model.Blog:createDate]
17:40:02.721 [main] DEBUG org.hibernate.cfg.annotations.SimpleValueBinder - building SimpleValue for createDate
17:40:02.721 [main] DEBUG org.hibernate.cfg.annotations.PropertyBinder - Building property createDate
17:40:02.730 [main] DEBUG org.hibernate.cfg.Ejb3Column - Binding column: Ejb3Column{table=org.hibernate.mapping.Table(CBlog), mappingColumn=likes, insertable=true, updatable=true, unique=false}
17:40:02.730 [main] DEBUG org.hibernate.cfg.annotations.PropertyBinder - MetadataSourceProcessor property likes with lazy=false
17:40:02.730 [main] DEBUG org.hibernate.cfg.AbstractPropertyHolder - Attempting to locate auto-apply AttributeConverter for property [com.niit.model.Blog:likes]
17:40:02.730 [main] DEBUG org.hibernate.cfg.annotations.SimpleValueBinder - building SimpleValue for likes
17:40:02.730 [main] DEBUG org.hibernate.cfg.annotations.PropertyBinder - Building property likes
17:40:02.731 [main] DEBUG org.hibernate.cfg.Ejb3Column - Binding column: Ejb3Column{table=org.hibernate.mapping.Table(CBlog), mappingColumn=remarks, insertable=true, updatable=true, unique=false}
17:40:02.731 [main] DEBUG org.hibernate.cfg.annotations.PropertyBinder - MetadataSourceProcessor property remarks with lazy=false
17:40:02.731 [main] DEBUG org.hibernate.cfg.AbstractPropertyHolder - Attempting to locate auto-apply AttributeConverter for property [com.niit.model.Blog:remarks]
17:40:02.731 [main] DEBUG org.hibernate.cfg.annotations.SimpleValueBinder - building SimpleValue for remarks
17:40:02.731 [main] DEBUG org.hibernate.cfg.annotations.PropertyBinder - Building property remarks
17:40:02.731 [main] DEBUG org.hibernate.cfg.Ejb3Column - Binding column: Ejb3Column{table=org.hibernate.mapping.Table(CBlog), mappingColumn=status, insertable=true, updatable=true, unique=false}
17:40:02.731 [main] DEBUG org.hibernate.cfg.annotations.PropertyBinder - MetadataSourceProcessor property status with lazy=false
17:40:02.731 [main] DEBUG org.hibernate.cfg.AbstractPropertyHolder - Attempting to locate auto-apply AttributeConverter for property [com.niit.model.Blog:status]
17:40:02.731 [main] DEBUG org.hibernate.cfg.annotations.SimpleValueBinder - building SimpleValue for status
17:40:02.731 [main] DEBUG org.hibernate.cfg.annotations.PropertyBinder - Building property status
17:40:02.731 [main] DEBUG org.hibernate.cfg.Ejb3Column - Binding column: Ejb3Column{table=org.hibernate.mapping.Table(CBlog), mappingColumn=userId, insertable=true, updatable=true, unique=false}
17:40:02.731 [main] DEBUG org.hibernate.cfg.annotations.PropertyBinder - MetadataSourceProcessor property userId with lazy=false
17:40:02.731 [main] DEBUG org.hibernate.cfg.AbstractPropertyHolder - Attempting to locate auto-apply AttributeConverter for property [com.niit.model.Blog:userId]
17:40:02.732 [main] DEBUG org.hibernate.cfg.annotations.SimpleValueBinder - building SimpleValue for userId
17:40:02.732 [main] DEBUG org.hibernate.cfg.annotations.PropertyBinder - Building property userId
17:40:02.732 [main] DEBUG org.hibernate.cfg.AnnotationBinder - Binding entity from annotated class: com.niit.model.BlogComment
17:40:02.732 [main] DEBUG org.hibernate.cfg.Ejb3Column - Binding column: Ejb3DiscriminatorColumn{logicalColumnName&apos;DTYPE&apos;, discriminatorTypeName=&apos;string&apos;}
17:40:02.732 [main] DEBUG org.hibernate.cfg.AnnotationBinder - No value specified for &apos;javax.persistence.sharedCache.mode&apos;; using UNSPECIFIED
17:40:02.732 [main] DEBUG org.hibernate.cfg.annotations.EntityBinder - Import with entity name BlogComment
17:40:02.734 [main] DEBUG org.hibernate.cfg.annotations.EntityBinder - Bind entity com.niit.model.BlogComment on table CBlogComment
17:40:02.738 [main] DEBUG org.hibernate.cfg.Ejb3Column - Binding column: Ejb3Column{table=org.hibernate.mapping.Table(CBlogComment), mappingColumn=blogCommentId, insertable=true, updatable=true, unique=false}
17:40:02.738 [main] DEBUG org.hibernate.cfg.annotations.PropertyBinder - MetadataSourceProcessor property blogCommentId with lazy=false
17:40:02.741 [main] DEBUG org.hibernate.cfg.AbstractPropertyHolder - Attempting to locate auto-apply AttributeConverter for property [com.niit.model.BlogComment:blogCommentId]
17:40:02.742 [main] DEBUG org.hibernate.cfg.annotations.SimpleValueBinder - building SimpleValue for blogCommentId
17:40:02.742 [main] DEBUG org.hibernate.cfg.annotations.PropertyBinder - Building property blogCommentId
17:40:02.742 [main] DEBUG org.hibernate.cfg.Ejb3Column - Binding column: Ejb3Column{table=org.hibernate.mapping.Table(CBlogComment), mappingColumn=blogComment, insertable=true, updatable=true, unique=false}
17:40:02.742 [main] DEBUG org.hibernate.cfg.annotations.PropertyBinder - MetadataSourceProcessor property blogComment with lazy=false
17:40:02.742 [main] DEBUG org.hibernate.cfg.AbstractPropertyHolder - Attempting to locate auto-apply AttributeConverter for property [com.niit.model.BlogComment:blogComment]
17:40:02.743 [main] DEBUG org.hibernate.cfg.annotations.SimpleValueBinder - building SimpleValue for blogComment
17:40:02.743 [main] DEBUG org.hibernate.cfg.annotations.PropertyBinder - Building property blogComment
17:40:02.743 [main] DEBUG org.hibernate.cfg.Ejb3Column - Binding column: Ejb3Column{table=org.hibernate.mapping.Table(CBlogComment), mappingColumn=blogId, insertable=true, updatable=true, unique=false}
17:40:02.743 [main] DEBUG org.hibernate.cfg.annotations.PropertyBinder - MetadataSourceProcessor property blogId with lazy=false
17:40:02.744 [main] DEBUG org.hibernate.cfg.AbstractPropertyHolder - Attempting to locate auto-apply AttributeConverter for property [com.niit.model.BlogComment:blogId]
17:40:02.744 [main] DEBUG org.hibernate.cfg.annotations.SimpleValueBinder - building SimpleValue for blogId
17:40:02.744 [main] DEBUG org.hibernate.cfg.annotations.PropertyBinder - Building property blogId
17:40:02.744 [main] DEBUG org.hibernate.cfg.Ejb3Column - Binding column: Ejb3Column{table=org.hibernate.mapping.Table(CBlogComment), mappingColumn=commentDate, insertable=true, updatable=true, unique=false}
17:40:02.744 [main] DEBUG org.hibernate.cfg.annotations.PropertyBinder - MetadataSourceProcessor property commentDate with lazy=false
17:40:02.744 [main] DEBUG org.hibernate.cfg.AbstractPropertyHolder - Attempting to locate auto-apply AttributeConverter for property [com.niit.model.BlogComment:commentDate]
17:40:02.744 [main] DEBUG org.hibernate.cfg.annotations.SimpleValueBinder - building SimpleValue for commentDate
17:40:02.745 [main] DEBUG org.hibernate.cfg.annotations.PropertyBinder - Building property commentDate
17:40:02.745 [main] DEBUG org.hibernate.cfg.Ejb3Column - Binding column: Ejb3Column{table=org.hibernate.mapping.Table(CBlogComment), mappingColumn=userId, insertable=true, updatable=true, unique=false}
17:40:02.745 [main] DEBUG org.hibernate.cfg.annotations.PropertyBinder - MetadataSourceProcessor property userId with lazy=false
17:40:02.745 [main] DEBUG org.hibernate.cfg.AbstractPropertyHolder - Attempting to locate auto-apply AttributeConverter for property [com.niit.model.BlogComment:userId]
17:40:02.745 [main] DEBUG org.hibernate.cfg.annotations.SimpleValueBinder - building SimpleValue for userId
17:40:02.745 [main] DEBUG org.hibernate.cfg.annotations.PropertyBinder - Building property userId
17:40:02.745 [main] DEBUG org.hibernate.cfg.Ejb3Column - Binding column: Ejb3Column{table=org.hibernate.mapping.Table(CBlogComment), mappingColumn=username, insertable=true, updatable=true, unique=false}
17:40:02.745 [main] DEBUG org.hibernate.cfg.annotations.PropertyBinder - MetadataSourceProcessor property username with lazy=false
17:40:02.745 [main] DEBUG org.hibernate.cfg.AbstractPropertyHolder - Attempting to locate auto-apply AttributeConverter for property [com.niit.model.BlogComment:username]
17:40:02.746 [main] DEBUG org.hibernate.cfg.annotations.SimpleValueBinder - building SimpleValue for username
17:40:02.746 [main] DEBUG org.hibernate.cfg.annotations.PropertyBinder - Building property username
17:40:02.746 [main] DEBUG org.hibernate.cfg.AnnotationBinder - Binding entity from annotated class: com.niit.model.ChatForum
17:40:02.746 [main] DEBUG org.hibernate.cfg.Ejb3Column - Binding column: Ejb3DiscriminatorColumn{logicalColumnName&apos;DTYPE&apos;, discriminatorTypeName=&apos;string&apos;}
17:40:02.746 [main] DEBUG org.hibernate.cfg.AnnotationBinder - No value specified for &apos;javax.persistence.sharedCache.mode&apos;; using UNSPECIFIED
17:40:02.746 [main] DEBUG org.hibernate.cfg.annotations.EntityBinder - Import with entity name ChatForum
17:40:02.746 [main] DEBUG org.hibernate.cfg.annotations.EntityBinder - Bind entity com.niit.model.ChatForum on table C_FORUM
17:40:02.747 [main] DEBUG org.hibernate.cfg.Ejb3Column - Binding column: Ejb3Column{table=org.hibernate.mapping.Table(C_FORUM), mappingColumn=id, insertable=true, updatable=true, unique=false}
17:40:02.747 [main] DEBUG org.hibernate.cfg.annotations.PropertyBinder - MetadataSourceProcessor property id with lazy=false
17:40:02.747 [main] DEBUG org.hibernate.cfg.AbstractPropertyHolder - Attempting to locate auto-apply AttributeConverter for property [com.niit.model.ChatForum:id]
17:40:02.747 [main] DEBUG org.hibernate.cfg.annotations.SimpleValueBinder - building SimpleValue for id
17:40:02.747 [main] DEBUG org.hibernate.cfg.annotations.PropertyBinder - Building property id
17:40:02.748 [main] DEBUG org.hibernate.cfg.Ejb3Column - Binding column: Ejb3Column{table=org.hibernate.mapping.Table(C_FORUM), mappingColumn=created_date, insertable=true, updatable=true, unique=false}
17:40:02.748 [main] DEBUG org.hibernate.cfg.annotations.PropertyBinder - MetadataSourceProcessor property createdDate with lazy=false
17:40:02.748 [main] DEBUG org.hibernate.cfg.AbstractPropertyHolder - Attempting to locate auto-apply AttributeConverter for property [com.niit.model.ChatForum:createdDate]
17:40:02.748 [main] DEBUG org.hibernate.cfg.annotations.SimpleValueBinder - building SimpleValue for createdDate
17:40:02.748 [main] DEBUG org.hibernate.cfg.annotations.PropertyBinder - Building property createdDate
17:40:02.748 [main] DEBUG org.hibernate.cfg.Ejb3Column - Binding column: Ejb3Column{table=org.hibernate.mapping.Table(C_FORUM), mappingColumn=message, insertable=true, updatable=true, unique=false}
17:40:02.748 [main] DEBUG org.hibernate.cfg.annotations.PropertyBinder - MetadataSourceProcessor property message with lazy=false
17:40:02.748 [main] DEBUG org.hibernate.cfg.AbstractPropertyHolder - Attempting to locate auto-apply AttributeConverter for property [com.niit.model.ChatForum:message]
17:40:02.748 [main] DEBUG org.hibernate.cfg.annotations.SimpleValueBinder - building SimpleValue for message
17:40:02.749 [main] DEBUG org.hibernate.cfg.annotations.PropertyBinder - Building property message
17:40:02.749 [main] DEBUG org.hibernate.cfg.Ejb3Column - Binding column: Ejb3Column{table=org.hibernate.mapping.Table(C_FORUM), mappingColumn=user_id, insertable=true, updatable=true, unique=false}
17:40:02.749 [main] DEBUG org.hibernate.cfg.annotations.PropertyBinder - MetadataSourceProcessor property userID with lazy=false
17:40:02.749 [main] DEBUG org.hibernate.cfg.AbstractPropertyHolder - Attempting to locate auto-apply AttributeConverter for property [com.niit.model.ChatForum:userID]
17:40:02.749 [main] DEBUG org.hibernate.cfg.annotations.SimpleValueBinder - building SimpleValue for userID
17:40:02.749 [main] DEBUG org.hibernate.cfg.annotations.PropertyBinder - Building property userID
17:40:02.749 [main] DEBUG org.hibernate.cfg.AnnotationBinder - Binding entity from annotated class: com.niit.model.FileUpload
17:40:02.749 [main] DEBUG org.hibernate.cfg.Ejb3Column - Binding column: Ejb3DiscriminatorColumn{logicalColumnName&apos;DTYPE&apos;, discriminatorTypeName=&apos;string&apos;}
17:40:02.749 [main] DEBUG org.hibernate.cfg.AnnotationBinder - No value specified for &apos;javax.persistence.sharedCache.mode&apos;; using UNSPECIFIED
17:40:02.749 [main] DEBUG org.hibernate.cfg.annotations.EntityBinder - Import with entity name FileUpload
17:40:02.749 [main] DEBUG org.hibernate.cfg.annotations.EntityBinder - Bind entity com.niit.model.FileUpload on table CProfilePic
17:40:02.750 [main] DEBUG org.hibernate.cfg.Ejb3Column - Binding column: Ejb3Column{table=org.hibernate.mapping.Table(CProfilePic), mappingColumn=ProfilePicsId, insertable=true, updatable=true, unique=false}
17:40:02.750 [main] DEBUG org.hibernate.cfg.annotations.PropertyBinder - MetadataSourceProcessor property id with lazy=false
17:40:02.750 [main] DEBUG org.hibernate.cfg.AbstractPropertyHolder - Attempting to locate auto-apply AttributeConverter for property [com.niit.model.FileUpload:id]
17:40:02.750 [main] DEBUG org.hibernate.cfg.annotations.SimpleValueBinder - building SimpleValue for id
17:40:02.751 [main] DEBUG org.hibernate.cfg.annotations.PropertyBinder - Building property id
17:40:02.751 [main] DEBUG org.hibernate.cfg.Ejb3Column - Binding column: Ejb3Column{table=org.hibernate.mapping.Table(CProfilePic), mappingColumn=filedata, insertable=true, updatable=true, unique=false}
17:40:02.751 [main] DEBUG org.hibernate.cfg.annotations.PropertyBinder - MetadataSourceProcessor property filedata with lazy=false
17:40:02.751 [main] DEBUG org.hibernate.cfg.AbstractPropertyHolder - Attempting to locate auto-apply AttributeConverter for property [com.niit.model.FileUpload:filedata]
17:40:02.751 [main] DEBUG org.hibernate.cfg.annotations.SimpleValueBinder - building SimpleValue for filedata
17:40:02.751 [main] DEBUG org.hibernate.cfg.annotations.PropertyBinder - Building property filedata
17:40:02.751 [main] DEBUG org.hibernate.cfg.Ejb3Column - Binding column: Ejb3Column{table=org.hibernate.mapping.Table(CProfilePic), mappingColumn=filename, insertable=true, updatable=true, unique=false}
17:40:02.751 [main] DEBUG org.hibernate.cfg.annotations.PropertyBinder - MetadataSourceProcessor property filename with lazy=false
17:40:02.751 [main] DEBUG org.hibernate.cfg.AbstractPropertyHolder - Attempting to locate auto-apply AttributeConverter for property [com.niit.model.FileUpload:filename]
17:40:02.751 [main] DEBUG org.hibernate.cfg.annotations.SimpleValueBinder - building SimpleValue for filename
17:40:02.751 [main] DEBUG org.hibernate.cfg.annotations.PropertyBinder - Building property filename
17:40:02.751 [main] DEBUG org.hibernate.cfg.Ejb3Column - Binding column: Ejb3Column{table=org.hibernate.mapping.Table(CProfilePic), mappingColumn=userId, insertable=true, updatable=true, unique=false}
17:40:02.752 [main] DEBUG org.hibernate.cfg.annotations.PropertyBinder - MetadataSourceProcessor property userId with lazy=false
17:40:02.752 [main] DEBUG org.hibernate.cfg.AbstractPropertyHolder - Attempting to locate auto-apply AttributeConverter for property [com.niit.model.FileUpload:userId]
17:40:02.752 [main] DEBUG org.hibernate.cfg.annotations.SimpleValueBinder - building SimpleValue for userId
17:40:02.752 [main] DEBUG org.hibernate.cfg.annotations.PropertyBinder - Building property userId
17:40:02.752 [main] DEBUG org.hibernate.cfg.AnnotationBinder - Binding entity from annotated class: com.niit.model.Forum
17:40:02.752 [main] DEBUG org.hibernate.cfg.Ejb3Column - Binding column: Ejb3DiscriminatorColumn{logicalColumnName&apos;DTYPE&apos;, discriminatorTypeName=&apos;string&apos;}
17:40:02.752 [main] DEBUG org.hibernate.cfg.AnnotationBinder - No value specified for &apos;javax.persistence.sharedCache.mode&apos;; using UNSPECIFIED
17:40:02.752 [main] DEBUG org.hibernate.cfg.annotations.EntityBinder - Import with entity name Forum
17:40:02.752 [main] DEBUG org.hibernate.cfg.annotations.EntityBinder - Bind entity com.niit.model.Forum on table CForum
17:40:02.753 [main] DEBUG org.hibernate.cfg.Ejb3Column - Binding column: Ejb3Column{table=org.hibernate.mapping.Table(CForum), mappingColumn=forumId, insertable=true, updatable=true, unique=false}
17:40:02.753 [main] DEBUG org.hibernate.cfg.annotations.PropertyBinder - MetadataSourceProcessor property forumId with lazy=false
17:40:02.753 [main] DEBUG org.hibernate.cfg.AbstractPropertyHolder - Attempting to locate auto-apply AttributeConverter for property [com.niit.model.Forum:forumId]
17:40:02.753 [main] DEBUG org.hibernate.cfg.annotations.SimpleValueBinder - building SimpleValue for forumId
17:40:02.753 [main] DEBUG org.hibernate.cfg.annotations.PropertyBinder - Building property forumId
17:40:02.753 [main] DEBUG org.hibernate.cfg.Ejb3Column - Binding column: Ejb3Column{table=org.hibernate.mapping.Table(CForum), mappingColumn=createDate, insertable=true, updatable=true, unique=false}
17:40:02.753 [main] DEBUG org.hibernate.cfg.annotations.PropertyBinder - MetadataSourceProcessor property createDate with lazy=false
17:40:02.754 [main] DEBUG org.hibernate.cfg.AbstractPropertyHolder - Attempting to locate auto-apply AttributeConverter for property [com.niit.model.Forum:createDate]
17:40:02.754 [main] DEBUG org.hibernate.cfg.annotations.SimpleValueBinder - building SimpleValue for createDate
17:40:02.754 [main] DEBUG org.hibernate.cfg.annotations.PropertyBinder - Building property createDate
17:40:02.754 [main] DEBUG org.hibernate.cfg.Ejb3Column - Binding column: Ejb3Column{table=org.hibernate.mapping.Table(CForum), mappingColumn=forumContent, insertable=true, updatable=true, unique=false}
17:40:02.754 [main] DEBUG org.hibernate.cfg.annotations.PropertyBinder - MetadataSourceProcessor property forumContent with lazy=false
17:40:02.754 [main] DEBUG org.hibernate.cfg.AbstractPropertyHolder - Attempting to locate auto-apply AttributeConverter for property [com.niit.model.Forum:forumContent]
17:40:02.754 [main] DEBUG org.hibernate.cfg.annotations.SimpleValueBinder - building SimpleValue for forumContent
17:40:02.754 [main] DEBUG org.hibernate.cfg.annotations.PropertyBinder - Building property forumContent
17:40:02.754 [main] DEBUG org.hibernate.cfg.Ejb3Column - Binding column: Ejb3Column{table=org.hibernate.mapping.Table(CForum), mappingColumn=forumName, insertable=true, updatable=true, unique=false}
17:40:02.754 [main] DEBUG org.hibernate.cfg.annotations.PropertyBinder - MetadataSourceProcessor property forumName with lazy=false
17:40:02.754 [main] DEBUG org.hibernate.cfg.AbstractPropertyHolder - Attempting to locate auto-apply AttributeConverter for property [com.niit.model.Forum:forumName]
17:40:02.755 [main] DEBUG org.hibernate.cfg.annotations.SimpleValueBinder - building SimpleValue for forumName
17:40:02.755 [main] DEBUG org.hibernate.cfg.annotations.PropertyBinder - Building property forumName
17:40:02.755 [main] DEBUG org.hibernate.cfg.Ejb3Column - Binding column: Ejb3Column{table=org.hibernate.mapping.Table(CForum), mappingColumn=remarks, insertable=true, updatable=true, unique=false}
17:40:02.755 [main] DEBUG org.hibernate.cfg.annotations.PropertyBinder - MetadataSourceProcessor property remarks with lazy=false
17:40:02.755 [main] DEBUG org.hibernate.cfg.AbstractPropertyHolder - Attempting to locate auto-apply AttributeConverter for property [com.niit.model.Forum:remarks]
17:40:02.755 [main] DEBUG org.hibernate.cfg.annotations.SimpleValueBinder - building SimpleValue for remarks
17:40:02.756 [main] DEBUG org.hibernate.cfg.annotations.PropertyBinder - Building property remarks
17:40:02.756 [main] DEBUG org.hibernate.cfg.Ejb3Column - Binding column: Ejb3Column{table=org.hibernate.mapping.Table(CForum), mappingColumn=status, insertable=true, updatable=true, unique=false}
17:40:02.756 [main] DEBUG org.hibernate.cfg.annotations.PropertyBinder - MetadataSourceProcessor property status with lazy=false
17:40:02.756 [main] DEBUG org.hibernate.cfg.AbstractPropertyHolder - Attempting to locate auto-apply AttributeConverter for property [com.niit.model.Forum:status]
17:40:02.757 [main] DEBUG org.hibernate.cfg.annotations.SimpleValueBinder - building SimpleValue for status
17:40:02.757 [main] DEBUG org.hibernate.cfg.annotations.PropertyBinder - Building property status
17:40:02.757 [main] DEBUG org.hibernate.cfg.Ejb3Column - Binding column: Ejb3Column{table=org.hibernate.mapping.Table(CForum), mappingColumn=userId, insertable=true, updatable=true, unique=false}
17:40:02.757 [main] DEBUG org.hibernate.cfg.annotations.PropertyBinder - MetadataSourceProcessor property userId with lazy=false
17:40:02.757 [main] DEBUG org.hibernate.cfg.AbstractPropertyHolder - Attempting to locate auto-apply AttributeConverter for property [com.niit.model.Forum:userId]
17:40:02.758 [main] DEBUG org.hibernate.cfg.annotations.SimpleValueBinder - building SimpleValue for userId
17:40:02.758 [main] DEBUG org.hibernate.cfg.annotations.PropertyBinder - Building property userId
17:40:02.758 [main] DEBUG org.hibernate.cfg.AnnotationBinder - Binding entity from annotated class: com.niit.model.ForumComment
17:40:02.758 [main] DEBUG org.hibernate.cfg.Ejb3Column - Binding column: Ejb3DiscriminatorColumn{logicalColumnName&apos;DTYPE&apos;, discriminatorTypeName=&apos;string&apos;}
17:40:02.758 [main] DEBUG org.hibernate.cfg.AnnotationBinder - No value specified for &apos;javax.persistence.sharedCache.mode&apos;; using UNSPECIFIED
17:40:02.758 [main] DEBUG org.hibernate.cfg.annotations.EntityBinder - Import with entity name ForumComment
17:40:02.759 [main] DEBUG org.hibernate.cfg.annotations.EntityBinder - Bind entity com.niit.model.ForumComment on table CForumComment
17:40:02.759 [main] DEBUG org.hibernate.cfg.Ejb3Column - Binding column: Ejb3Column{table=org.hibernate.mapping.Table(CForumComment), mappingColumn=forumCommentId, insertable=true, updatable=true, unique=false}
17:40:02.759 [main] DEBUG org.hibernate.cfg.annotations.PropertyBinder - MetadataSourceProcessor property forumCommentId with lazy=false
17:40:02.760 [main] DEBUG org.hibernate.cfg.AbstractPropertyHolder - Attempting to locate auto-apply AttributeConverter for property [com.niit.model.ForumComment:forumCommentId]
17:40:02.760 [main] DEBUG org.hibernate.cfg.annotations.SimpleValueBinder - building SimpleValue for forumCommentId
17:40:02.760 [main] DEBUG org.hibernate.cfg.annotations.PropertyBinder - Building property forumCommentId
17:40:02.760 [main] DEBUG org.hibernate.cfg.Ejb3Column - Binding column: Ejb3Column{table=org.hibernate.mapping.Table(CForumComment), mappingColumn=commentDate, insertable=true, updatable=true, unique=false}
17:40:02.760 [main] DEBUG org.hibernate.cfg.annotations.PropertyBinder - MetadataSourceProcessor property commentDate with lazy=false
17:40:02.760 [main] DEBUG org.hibernate.cfg.AbstractPropertyHolder - Attempting to locate auto-apply AttributeConverter for property [com.niit.model.ForumComment:commentDate]
17:40:02.760 [main] DEBUG org.hibernate.cfg.annotations.SimpleValueBinder - building SimpleValue for commentDate
17:40:02.760 [main] DEBUG org.hibernate.cfg.annotations.PropertyBinder - Building property commentDate
17:40:02.760 [main] DEBUG org.hibernate.cfg.Ejb3Column - Binding column: Ejb3Column{table=org.hibernate.mapping.Table(CForumComment), mappingColumn=forumComment, insertable=true, updatable=true, unique=false}
17:40:02.760 [main] DEBUG org.hibernate.cfg.annotations.PropertyBinder - MetadataSourceProcessor property forumComment with lazy=false
17:40:02.760 [main] DEBUG org.hibernate.cfg.AbstractPropertyHolder - Attempting to locate auto-apply AttributeConverter for property [com.niit.model.ForumComment:forumComment]
17:40:02.760 [main] DEBUG org.hibernate.cfg.annotations.SimpleValueBinder - building SimpleValue for forumComment
17:40:02.761 [main] DEBUG org.hibernate.cfg.annotations.PropertyBinder - Building property forumComment
17:40:02.761 [main] DEBUG org.hibernate.cfg.Ejb3Column - Binding column: Ejb3Column{table=org.hibernate.mapping.Table(CForumComment), mappingColumn=forumId, insertable=true, updatable=true, unique=false}
17:40:02.761 [main] DEBUG org.hibernate.cfg.annotations.PropertyBinder - MetadataSourceProcessor property forumId with lazy=false
17:40:02.761 [main] DEBUG org.hibernate.cfg.AbstractPropertyHolder - Attempting to locate auto-apply AttributeConverter for property [com.niit.model.ForumComment:forumId]
17:40:02.761 [main] DEBUG org.hibernate.cfg.annotations.SimpleValueBinder - building SimpleValue for forumId
17:40:02.761 [main] DEBUG org.hibernate.cfg.annotations.PropertyBinder - Building property forumId
17:40:02.761 [main] DEBUG org.hibernate.cfg.Ejb3Column - Binding column: Ejb3Column{table=org.hibernate.mapping.Table(CForumComment), mappingColumn=userId, insertable=true, updatable=true, unique=false}
17:40:02.761 [main] DEBUG org.hibernate.cfg.annotations.PropertyBinder - MetadataSourceProcessor property userId with lazy=false
17:40:02.761 [main] DEBUG org.hibernate.cfg.AbstractPropertyHolder - Attempting to locate auto-apply AttributeConverter for property [com.niit.model.ForumComment:userId]
17:40:02.761 [main] DEBUG org.hibernate.cfg.annotations.SimpleValueBinder - building SimpleValue for userId
17:40:02.761 [main] DEBUG org.hibernate.cfg.annotations.PropertyBinder - Building property userId
17:40:02.761 [main] DEBUG org.hibernate.cfg.Ejb3Column - Binding column: Ejb3Column{table=org.hibernate.mapping.Table(CForumComment), mappingColumn=username, insertable=true, updatable=true, unique=false}
17:40:02.761 [main] DEBUG org.hibernate.cfg.annotations.PropertyBinder - MetadataSourceProcessor property username with lazy=false
17:40:02.761 [main] DEBUG org.hibernate.cfg.AbstractPropertyHolder - Attempting to locate auto-apply AttributeConverter for property [com.niit.model.ForumComment:username]
17:40:02.761 [main] DEBUG org.hibernate.cfg.annotations.SimpleValueBinder - building SimpleValue for username
17:40:02.762 [main] DEBUG org.hibernate.cfg.annotations.PropertyBinder - Building property username
17:40:02.762 [main] DEBUG org.hibernate.cfg.AnnotationBinder - Binding entity from annotated class: com.niit.model.Friend
17:40:02.762 [main] DEBUG org.hibernate.cfg.Ejb3Column - Binding column: Ejb3DiscriminatorColumn{logicalColumnName&apos;DTYPE&apos;, discriminatorTypeName=&apos;string&apos;}
17:40:02.762 [main] DEBUG org.hibernate.cfg.AnnotationBinder - No value specified for &apos;javax.persistence.sharedCache.mode&apos;; using UNSPECIFIED
17:40:02.762 [main] DEBUG org.hibernate.cfg.annotations.EntityBinder - Import with entity name Friend
17:40:02.762 [main] DEBUG org.hibernate.cfg.annotations.EntityBinder - Bind entity com.niit.model.Friend on table CFriend
17:40:02.763 [main] DEBUG org.hibernate.cfg.Ejb3Column - Binding column: Ejb3Column{table=org.hibernate.mapping.Table(CFriend), mappingColumn=tableId, insertable=true, updatable=true, unique=false}
17:40:02.763 [main] DEBUG org.hibernate.cfg.annotations.PropertyBinder - MetadataSourceProcessor property tableId with lazy=false
17:40:02.763 [main] DEBUG org.hibernate.cfg.AbstractPropertyHolder - Attempting to locate auto-apply AttributeConverter for property [com.niit.model.Friend:tableId]
17:40:02.763 [main] DEBUG org.hibernate.cfg.annotations.SimpleValueBinder - building SimpleValue for tableId
17:40:02.763 [main] DEBUG org.hibernate.cfg.annotations.PropertyBinder - Building property tableId
17:40:02.763 [main] DEBUG org.hibernate.cfg.Ejb3Column - Binding column: Ejb3Column{table=org.hibernate.mapping.Table(CFriend), mappingColumn=friendId, insertable=true, updatable=true, unique=false}
17:40:02.764 [main] DEBUG org.hibernate.cfg.annotations.PropertyBinder - MetadataSourceProcessor property friendId with lazy=false
17:40:02.764 [main] DEBUG org.hibernate.cfg.AbstractPropertyHolder - Attempting to locate auto-apply AttributeConverter for property [com.niit.model.Friend:friendId]
17:40:02.764 [main] DEBUG org.hibernate.cfg.annotations.SimpleValueBinder - building SimpleValue for friendId
17:40:02.764 [main] DEBUG org.hibernate.cfg.annotations.PropertyBinder - Building property friendId
17:40:02.764 [main] DEBUG org.hibernate.cfg.Ejb3Column - Binding column: Ejb3Column{table=org.hibernate.mapping.Table(CFriend), mappingColumn=isOnline, insertable=true, updatable=true, unique=false}
17:40:02.764 [main] DEBUG org.hibernate.cfg.annotations.PropertyBinder - MetadataSourceProcessor property isOnline with lazy=false
17:40:02.764 [main] DEBUG org.hibernate.cfg.AbstractPropertyHolder - Attempting to locate auto-apply AttributeConverter for property [com.niit.model.Friend:isOnline]
17:40:02.764 [main] DEBUG org.hibernate.cfg.annotations.SimpleValueBinder - building SimpleValue for isOnline
17:40:02.764 [main] DEBUG org.hibernate.cfg.annotations.PropertyBinder - Building property isOnline
17:40:02.764 [main] DEBUG org.hibernate.cfg.Ejb3Column - Binding column: Ejb3Column{table=org.hibernate.mapping.Table(CFriend), mappingColumn=status, insertable=true, updatable=true, unique=false}
17:40:02.764 [main] DEBUG org.hibernate.cfg.annotations.PropertyBinder - MetadataSourceProcessor property status with lazy=false
17:40:02.764 [main] DEBUG org.hibernate.cfg.AbstractPropertyHolder - Attempting to locate auto-apply AttributeConverter for property [com.niit.model.Friend:status]
17:40:02.764 [main] DEBUG org.hibernate.cfg.annotations.SimpleValueBinder - building SimpleValue for status
17:40:02.764 [main] DEBUG org.hibernate.cfg.annotations.PropertyBinder - Building property status
17:40:02.764 [main] DEBUG org.hibernate.cfg.Ejb3Column - Binding column: Ejb3Column{table=org.hibernate.mapping.Table(CFriend), mappingColumn=userId, insertable=true, updatable=true, unique=false}
17:40:02.765 [main] DEBUG org.hibernate.cfg.annotations.PropertyBinder - MetadataSourceProcessor property userId with lazy=false
17:40:02.765 [main] DEBUG org.hibernate.cfg.AbstractPropertyHolder - Attempting to locate auto-apply AttributeConverter for property [com.niit.model.Friend:userId]
17:40:02.765 [main] DEBUG org.hibernate.cfg.annotations.SimpleValueBinder - building SimpleValue for userId
17:40:02.765 [main] DEBUG org.hibernate.cfg.annotations.PropertyBinder - Building property userId
17:40:02.765 [main] DEBUG org.hibernate.cfg.AnnotationBinder - Binding entity from annotated class: com.niit.model.Job
17:40:02.765 [main] DEBUG org.hibernate.cfg.Ejb3Column - Binding column: Ejb3DiscriminatorColumn{logicalColumnName&apos;DTYPE&apos;, discriminatorTypeName=&apos;string&apos;}
17:40:02.765 [main] DEBUG org.hibernate.cfg.AnnotationBinder - No value specified for &apos;javax.persistence.sharedCache.mode&apos;; using UNSPECIFIED
17:40:02.769 [main] DEBUG org.hibernate.cfg.annotations.EntityBinder - Import with entity name Job
17:40:02.770 [main] DEBUG org.hibernate.cfg.annotations.EntityBinder - Bind entity com.niit.model.Job on table CJob
17:40:02.772 [main] DEBUG org.hibernate.cfg.Ejb3Column - Binding column: Ejb3Column{table=org.hibernate.mapping.Table(CJob), mappingColumn=jobId, insertable=true, updatable=true, unique=false}
17:40:02.772 [main] DEBUG org.hibernate.cfg.annotations.PropertyBinder - MetadataSourceProcessor property jobId with lazy=false
17:40:02.772 [main] DEBUG org.hibernate.cfg.AbstractPropertyHolder - Attempting to locate auto-apply AttributeConverter for property [com.niit.model.Job:jobId]
17:40:02.772 [main] DEBUG org.hibernate.cfg.annotations.SimpleValueBinder - building SimpleValue for jobId
17:40:02.772 [main] DEBUG org.hibernate.cfg.annotations.PropertyBinder - Building property jobId
17:40:02.772 [main] DEBUG org.hibernate.cfg.Ejb3Column - Binding column: Ejb3Column{table=org.hibernate.mapping.Table(CJob), mappingColumn=createDate, insertable=true, updatable=true, unique=false}
17:40:02.772 [main] DEBUG org.hibernate.cfg.annotations.PropertyBinder - MetadataSourceProcessor property createDate with lazy=false
17:40:02.772 [main] DEBUG org.hibernate.cfg.AbstractPropertyHolder - Attempting to locate auto-apply AttributeConverter for property [com.niit.model.Job:createDate]
17:40:02.773 [main] DEBUG org.hibernate.cfg.annotations.SimpleValueBinder - building SimpleValue for createDate
17:40:02.773 [main] DEBUG org.hibernate.cfg.annotations.PropertyBinder - Building property createDate
17:40:02.773 [main] DEBUG org.hibernate.cfg.Ejb3Column - Binding column: Ejb3Column{table=org.hibernate.mapping.Table(CJob), mappingColumn=jobDescription, insertable=true, updatable=true, unique=false}
17:40:02.773 [main] DEBUG org.hibernate.cfg.annotations.PropertyBinder - MetadataSourceProcessor property jobDescription with lazy=false
17:40:02.773 [main] DEBUG org.hibernate.cfg.AbstractPropertyHolder - Attempting to locate auto-apply AttributeConverter for property [com.niit.model.Job:jobDescription]
17:40:02.773 [main] DEBUG org.hibernate.cfg.annotations.SimpleValueBinder - building SimpleValue for jobDescription
17:40:02.773 [main] DEBUG org.hibernate.cfg.annotations.PropertyBinder - Building property jobDescription
17:40:02.774 [main] DEBUG org.hibernate.cfg.Ejb3Column - Binding column: Ejb3Column{table=org.hibernate.mapping.Table(CJob), mappingColumn=jobQualification, insertable=true, updatable=true, unique=false}
17:40:02.774 [main] DEBUG org.hibernate.cfg.annotations.PropertyBinder - MetadataSourceProcessor property jobQualification with lazy=false
17:40:02.774 [main] DEBUG org.hibernate.cfg.AbstractPropertyHolder - Attempting to locate auto-apply AttributeConverter for property [com.niit.model.Job:jobQualification]
17:40:02.774 [main] DEBUG org.hibernate.cfg.annotations.SimpleValueBinder - building SimpleValue for jobQualification
17:40:02.774 [main] DEBUG org.hibernate.cfg.annotations.PropertyBinder - Building property jobQualification
17:40:02.774 [main] DEBUG org.hibernate.cfg.Ejb3Column - Binding column: Ejb3Column{table=org.hibernate.mapping.Table(CJob), mappingColumn=jobStatus, insertable=true, updatable=true, unique=false}
17:40:02.775 [main] DEBUG org.hibernate.cfg.annotations.PropertyBinder - MetadataSourceProcessor property jobStatus with lazy=false
17:40:02.775 [main] DEBUG org.hibernate.cfg.AbstractPropertyHolder - Attempting to locate auto-apply AttributeConverter for property [com.niit.model.Job:jobStatus]
17:40:02.775 [main] DEBUG org.hibernate.cfg.annotations.SimpleValueBinder - building SimpleValue for jobStatus
17:40:02.775 [main] DEBUG org.hibernate.cfg.annotations.PropertyBinder - Building property jobStatus
17:40:02.775 [main] DEBUG org.hibernate.cfg.Ejb3Column - Binding column: Ejb3Column{table=org.hibernate.mapping.Table(CJob), mappingColumn=jobTitle, insertable=true, updatable=true, unique=false}
17:40:02.775 [main] DEBUG org.hibernate.cfg.annotations.PropertyBinder - MetadataSourceProcessor property jobTitle with lazy=false
17:40:02.775 [main] DEBUG org.hibernate.cfg.AbstractPropertyHolder - Attempting to locate auto-apply AttributeConverter for property [com.niit.model.Job:jobTitle]
17:40:02.775 [main] DEBUG org.hibernate.cfg.annotations.SimpleValueBinder - building SimpleValue for jobTitle
17:40:02.775 [main] DEBUG org.hibernate.cfg.annotations.PropertyBinder - Building property jobTitle
17:40:02.775 [main] DEBUG org.hibernate.cfg.AnnotationBinder - Binding entity from annotated class: com.niit.model.JobApplied
17:40:02.775 [main] DEBUG org.hibernate.cfg.Ejb3Column - Binding column: Ejb3DiscriminatorColumn{logicalColumnName&apos;DTYPE&apos;, discriminatorTypeName=&apos;string&apos;}
17:40:02.775 [main] DEBUG org.hibernate.cfg.AnnotationBinder - No value specified for &apos;javax.persistence.sharedCache.mode&apos;; using UNSPECIFIED
17:40:02.776 [main] DEBUG org.hibernate.cfg.annotations.EntityBinder - Import with entity name JobApplied
17:40:02.776 [main] DEBUG org.hibernate.cfg.annotations.EntityBinder - Bind entity com.niit.model.JobApplied on table CJobApplied
17:40:02.776 [main] DEBUG org.hibernate.cfg.Ejb3Column - Binding column: Ejb3Column{table=org.hibernate.mapping.Table(CJobApplied), mappingColumn=jobAppliedId, insertable=true, updatable=true, unique=false}
17:40:02.777 [main] DEBUG org.hibernate.cfg.annotations.PropertyBinder - MetadataSourceProcessor property jobAppliedId with lazy=false
17:40:02.777 [main] DEBUG org.hibernate.cfg.AbstractPropertyHolder - Attempting to locate auto-apply AttributeConverter for property [com.niit.model.JobApplied:jobAppliedId]
17:40:02.777 [main] DEBUG org.hibernate.cfg.annotations.SimpleValueBinder - building SimpleValue for jobAppliedId
17:40:02.777 [main] DEBUG org.hibernate.cfg.annotations.PropertyBinder - Building property jobAppliedId
17:40:02.777 [main] DEBUG org.hibernate.cfg.Ejb3Column - Binding column: Ejb3Column{table=org.hibernate.mapping.Table(CJobApplied), mappingColumn=dateApplied, insertable=true, updatable=true, unique=false}
17:40:02.777 [main] DEBUG org.hibernate.cfg.annotations.PropertyBinder - MetadataSourceProcessor property dateApplied with lazy=false
17:40:02.778 [main] DEBUG org.hibernate.cfg.AbstractPropertyHolder - Attempting to locate auto-apply AttributeConverter for property [com.niit.model.JobApplied:dateApplied]
17:40:02.778 [main] DEBUG org.hibernate.cfg.annotations.SimpleValueBinder - building SimpleValue for dateApplied
17:40:02.778 [main] DEBUG org.hibernate.cfg.annotations.PropertyBinder - Building property dateApplied
17:40:02.778 [main] DEBUG org.hibernate.cfg.Ejb3Column - Binding column: Ejb3Column{table=org.hibernate.mapping.Table(CJobApplied), mappingColumn=jobId, insertable=true, updatable=true, unique=false}
17:40:02.778 [main] DEBUG org.hibernate.cfg.annotations.PropertyBinder - MetadataSourceProcessor property jobId with lazy=false
17:40:02.778 [main] DEBUG org.hibernate.cfg.AbstractPropertyHolder - Attempting to locate auto-apply AttributeConverter for property [com.niit.model.JobApplied:jobId]
17:40:02.779 [main] DEBUG org.hibernate.cfg.annotations.SimpleValueBinder - building SimpleValue for jobId
17:40:02.779 [main] DEBUG org.hibernate.cfg.annotations.PropertyBinder - Building property jobId
17:40:02.779 [main] DEBUG org.hibernate.cfg.Ejb3Column - Binding column: Ejb3Column{table=org.hibernate.mapping.Table(CJobApplied), mappingColumn=remarks, insertable=true, updatable=true, unique=false}
17:40:02.779 [main] DEBUG org.hibernate.cfg.annotations.PropertyBinder - MetadataSourceProcessor property remarks with lazy=false
17:40:02.779 [main] DEBUG org.hibernate.cfg.AbstractPropertyHolder - Attempting to locate auto-apply AttributeConverter for property [com.niit.model.JobApplied:remarks]
17:40:02.779 [main] DEBUG org.hibernate.cfg.annotations.SimpleValueBinder - building SimpleValue for remarks
17:40:02.779 [main] DEBUG org.hibernate.cfg.annotations.PropertyBinder - Building property remarks
17:40:02.779 [main] DEBUG org.hibernate.cfg.Ejb3Column - Binding column: Ejb3Column{table=org.hibernate.mapping.Table(CJobApplied), mappingColumn=status, insertable=true, updatable=true, unique=false}
17:40:02.779 [main] DEBUG org.hibernate.cfg.annotations.PropertyBinder - MetadataSourceProcessor property status with lazy=false
17:40:02.779 [main] DEBUG org.hibernate.cfg.AbstractPropertyHolder - Attempting to locate auto-apply AttributeConverter for property [com.niit.model.JobApplied:status]
17:40:02.779 [main] DEBUG org.hibernate.cfg.annotations.SimpleValueBinder - building SimpleValue for status
17:40:02.779 [main] DEBUG org.hibernate.cfg.annotations.PropertyBinder - Building property status
17:40:02.779 [main] DEBUG org.hibernate.cfg.Ejb3Column - Binding column: Ejb3Column{table=org.hibernate.mapping.Table(CJobApplied), mappingColumn=userId, insertable=true, updatable=true, unique=false}
17:40:02.780 [main] DEBUG org.hibernate.cfg.annotations.PropertyBinder - MetadataSourceProcessor property userId with lazy=false
17:40:02.780 [main] DEBUG org.hibernate.cfg.AbstractPropertyHolder - Attempting to locate auto-apply AttributeConverter for property [com.niit.model.JobApplied:userId]
17:40:02.780 [main] DEBUG org.hibernate.cfg.annotations.SimpleValueBinder - building SimpleValue for userId
17:40:02.780 [main] DEBUG org.hibernate.cfg.annotations.PropertyBinder - Building property userId
17:40:02.780 [main] DEBUG org.hibernate.cfg.AnnotationBinder - Binding entity from annotated class: com.niit.model.User
17:40:02.780 [main] DEBUG org.hibernate.cfg.Ejb3Column - Binding column: Ejb3DiscriminatorColumn{logicalColumnName&apos;DTYPE&apos;, discriminatorTypeName=&apos;string&apos;}
17:40:02.780 [main] DEBUG org.hibernate.cfg.AnnotationBinder - No value specified for &apos;javax.persistence.sharedCache.mode&apos;; using UNSPECIFIED
17:40:02.780 [main] DEBUG org.hibernate.cfg.annotations.EntityBinder - Import with entity name User
17:40:02.780 [main] DEBUG org.hibernate.cfg.annotations.EntityBinder - Bind entity com.niit.model.User on table CUser
17:40:02.781 [main] DEBUG org.hibernate.cfg.Ejb3Column - Binding column: Ejb3Column{table=org.hibernate.mapping.Table(CUser), mappingColumn=userId, insertable=true, updatable=true, unique=false}
17:40:02.781 [main] DEBUG org.hibernate.cfg.annotations.PropertyBinder - MetadataSourceProcessor property userId with lazy=false
17:40:02.781 [main] DEBUG org.hibernate.cfg.AbstractPropertyHolder - Attempting to locate auto-apply AttributeConverter for property [com.niit.model.User:userId]
17:40:02.781 [main] DEBUG org.hibernate.cfg.annotations.SimpleValueBinder - building SimpleValue for userId
17:40:02.781 [main] DEBUG org.hibernate.cfg.annotations.PropertyBinder - Building property userId
17:40:02.781 [main] DEBUG org.hibernate.cfg.Ejb3Column - Binding column: Ejb3Column{table=org.hibernate.mapping.Table(CUser), mappingColumn=email, insertable=true, updatable=true, unique=false}
17:40:02.781 [main] DEBUG org.hibernate.cfg.annotations.PropertyBinder - MetadataSourceProcessor property email with lazy=false
17:40:02.781 [main] DEBUG org.hibernate.cfg.AbstractPropertyHolder - Attempting to locate auto-apply AttributeConverter for property [com.niit.model.User:email]
17:40:02.782 [main] DEBUG org.hibernate.cfg.annotations.SimpleValueBinder - building SimpleValue for email
17:40:02.782 [main] DEBUG org.hibernate.cfg.annotations.PropertyBinder - Building property email
17:40:02.782 [main] DEBUG org.hibernate.cfg.Ejb3Column - Binding column: Ejb3Column{table=org.hibernate.mapping.Table(CUser), mappingColumn=firstname, insertable=true, updatable=true, unique=false}
17:40:02.782 [main] DEBUG org.hibernate.cfg.annotations.PropertyBinder - MetadataSourceProcessor property firstname with lazy=false
17:40:02.782 [main] DEBUG org.hibernate.cfg.AbstractPropertyHolder - Attempting to locate auto-apply AttributeConverter for property [com.niit.model.User:firstname]
17:40:02.782 [main] DEBUG org.hibernate.cfg.annotations.SimpleValueBinder - building SimpleValue for firstname
17:40:02.782 [main] DEBUG org.hibernate.cfg.annotations.PropertyBinder - Building property firstname
17:40:02.783 [main] DEBUG org.hibernate.cfg.Ejb3Column - Binding column: Ejb3Column{table=org.hibernate.mapping.Table(CUser), mappingColumn=isOnline, insertable=true, updatable=true, unique=false}
17:40:02.783 [main] DEBUG org.hibernate.cfg.annotations.PropertyBinder - MetadataSourceProcessor property isOnline with lazy=false
17:40:02.783 [main] DEBUG org.hibernate.cfg.AbstractPropertyHolder - Attempting to locate auto-apply AttributeConverter for property [com.niit.model.User:isOnline]
17:40:02.783 [main] DEBUG org.hibernate.cfg.annotations.SimpleValueBinder - building SimpleValue for isOnline
17:40:02.783 [main] DEBUG org.hibernate.cfg.annotations.PropertyBinder - Building property isOnline
17:40:02.784 [main] DEBUG org.hibernate.cfg.Ejb3Column - Binding column: Ejb3Column{table=org.hibernate.mapping.Table(CUser), mappingColumn=lastname, insertable=true, updatable=true, unique=false}
17:40:02.784 [main] DEBUG org.hibernate.cfg.annotations.PropertyBinder - MetadataSourceProcessor property lastname with lazy=false
17:40:02.784 [main] DEBUG org.hibernate.cfg.AbstractPropertyHolder - Attempting to locate auto-apply AttributeConverter for property [com.niit.model.User:lastname]
17:40:02.784 [main] DEBUG org.hibernate.cfg.annotations.SimpleValueBinder - building SimpleValue for lastname
17:40:02.784 [main] DEBUG org.hibernate.cfg.annotations.PropertyBinder - Building property lastname
17:40:02.784 [main] DEBUG org.hibernate.cfg.Ejb3Column - Binding column: Ejb3Column{table=org.hibernate.mapping.Table(CUser), mappingColumn=password, insertable=true, updatable=true, unique=false}
17:40:02.784 [main] DEBUG org.hibernate.cfg.annotations.PropertyBinder - MetadataSourceProcessor property password with lazy=false
17:40:02.784 [main] DEBUG org.hibernate.cfg.AbstractPropertyHolder - Attempting to locate auto-apply AttributeConverter for property [com.niit.model.User:password]
17:40:02.784 [main] DEBUG org.hibernate.cfg.annotations.SimpleValueBinder - building SimpleValue for password
17:40:02.784 [main] DEBUG org.hibernate.cfg.annotations.PropertyBinder - Building property password
17:40:02.784 [main] DEBUG org.hibernate.cfg.Ejb3Column - Binding column: Ejb3Column{table=org.hibernate.mapping.Table(CUser), mappingColumn=remarks, insertable=true, updatable=true, unique=false}
17:40:02.784 [main] DEBUG org.hibernate.cfg.annotations.PropertyBinder - MetadataSourceProcessor property remarks with lazy=false
17:40:02.784 [main] DEBUG org.hibernate.cfg.AbstractPropertyHolder - Attempting to locate auto-apply AttributeConverter for property [com.niit.model.User:remarks]
17:40:02.785 [main] DEBUG org.hibernate.cfg.annotations.SimpleValueBinder - building SimpleValue for remarks
17:40:02.785 [main] DEBUG org.hibernate.cfg.annotations.PropertyBinder - Building property remarks
17:40:02.786 [main] DEBUG org.hibernate.cfg.Ejb3Column - Binding column: Ejb3Column{table=org.hibernate.mapping.Table(CUser), mappingColumn=role, insertable=true, updatable=true, unique=false}
17:40:02.787 [main] DEBUG org.hibernate.cfg.annotations.PropertyBinder - MetadataSourceProcessor property role with lazy=false
17:40:02.788 [main] DEBUG org.hibernate.cfg.AbstractPropertyHolder - Attempting to locate auto-apply AttributeConverter for property [com.niit.model.User:role]
17:40:02.788 [main] DEBUG org.hibernate.cfg.annotations.SimpleValueBinder - building SimpleValue for role
17:40:02.788 [main] DEBUG org.hibernate.cfg.annotations.PropertyBinder - Building property role
17:40:02.788 [main] DEBUG org.hibernate.cfg.Ejb3Column - Binding column: Ejb3Column{table=org.hibernate.mapping.Table(CUser), mappingColumn=status, insertable=true, updatable=true, unique=false}
17:40:02.788 [main] DEBUG org.hibernate.cfg.annotations.PropertyBinder - MetadataSourceProcessor property status with lazy=false
17:40:02.788 [main] DEBUG org.hibernate.cfg.AbstractPropertyHolder - Attempting to locate auto-apply AttributeConverter for property [com.niit.model.User:status]
17:40:02.788 [main] DEBUG org.hibernate.cfg.annotations.SimpleValueBinder - building SimpleValue for status
17:40:02.789 [main] DEBUG org.hibernate.cfg.annotations.PropertyBinder - Building property status
17:40:02.790 [main] DEBUG org.hibernate.cfg.annotations.SimpleValueBinder - Starting fillSimpleValue for blogId
17:40:02.790 [main] DEBUG org.hibernate.cfg.annotations.SimpleValueBinder - Starting fillSimpleValue for blogContent
17:40:02.790 [main] DEBUG org.hibernate.cfg.annotations.SimpleValueBinder - Starting fillSimpleValue for blogName
17:40:02.793 [main] DEBUG org.hibernate.cfg.annotations.SimpleValueBinder - Starting fillSimpleValue for createDate
17:40:02.793 [main] DEBUG org.hibernate.cfg.annotations.SimpleValueBinder - Starting fillSimpleValue for likes
17:40:02.793 [main] DEBUG org.hibernate.cfg.annotations.SimpleValueBinder - Starting fillSimpleValue for remarks
17:40:02.793 [main] DEBUG org.hibernate.cfg.annotations.SimpleValueBinder - Starting fillSimpleValue for status
17:40:02.793 [main] DEBUG org.hibernate.cfg.annotations.SimpleValueBinder - Starting fillSimpleValue for userId
17:40:02.793 [main] DEBUG org.hibernate.cfg.annotations.SimpleValueBinder - Starting fillSimpleValue for blogCommentId
17:40:02.793 [main] DEBUG org.hibernate.cfg.annotations.SimpleValueBinder - Starting fillSimpleValue for blogComment
17:40:02.793 [main] DEBUG org.hibernate.cfg.annotations.SimpleValueBinder - Starting fillSimpleValue for blogId
17:40:02.793 [main] DEBUG org.hibernate.cfg.annotations.SimpleValueBinder - Starting fillSimpleValue for commentDate
17:40:02.793 [main] DEBUG org.hibernate.cfg.annotations.SimpleValueBinder - Starting fillSimpleValue for userId
17:40:02.793 [main] DEBUG org.hibernate.cfg.annotations.SimpleValueBinder - Starting fillSimpleValue for username
17:40:02.793 [main] DEBUG org.hibernate.cfg.annotations.SimpleValueBinder - Starting fillSimpleValue for id
17:40:02.793 [main] DEBUG org.hibernate.cfg.annotations.SimpleValueBinder - Starting fillSimpleValue for createdDate
17:40:02.793 [main] DEBUG org.hibernate.cfg.annotations.SimpleValueBinder - Starting fillSimpleValue for message
17:40:02.793 [main] DEBUG org.hibernate.cfg.annotations.SimpleValueBinder - Starting fillSimpleValue for userID
17:40:02.793 [main] DEBUG org.hibernate.cfg.annotations.SimpleValueBinder - Starting fillSimpleValue for id
17:40:02.794 [main] DEBUG org.hibernate.cfg.annotations.SimpleValueBinder - Starting fillSimpleValue for filedata
17:40:02.794 [main] DEBUG org.hibernate.cfg.annotations.SimpleValueBinder - Starting fillSimpleValue for filename
17:40:02.794 [main] DEBUG org.hibernate.cfg.annotations.SimpleValueBinder - Starting fillSimpleValue for userId
17:40:02.794 [main] DEBUG org.hibernate.cfg.annotations.SimpleValueBinder - Starting fillSimpleValue for forumId
17:40:02.794 [main] DEBUG org.hibernate.cfg.annotations.SimpleValueBinder - Starting fillSimpleValue for createDate
17:40:02.794 [main] DEBUG org.hibernate.cfg.annotations.SimpleValueBinder - Starting fillSimpleValue for forumContent
17:40:02.794 [main] DEBUG org.hibernate.cfg.annotations.SimpleValueBinder - Starting fillSimpleValue for forumName
17:40:02.794 [main] DEBUG org.hibernate.cfg.annotations.SimpleValueBinder - Starting fillSimpleValue for remarks
17:40:02.794 [main] DEBUG org.hibernate.cfg.annotations.SimpleValueBinder - Starting fillSimpleValue for status
17:40:02.794 [main] DEBUG org.hibernate.cfg.annotations.SimpleValueBinder - Starting fillSimpleValue for userId
17:40:02.794 [main] DEBUG org.hibernate.cfg.annotations.SimpleValueBinder - Starting fillSimpleValue for forumCommentId
17:40:02.794 [main] DEBUG org.hibernate.cfg.annotations.SimpleValueBinder - Starting fillSimpleValue for commentDate
17:40:02.794 [main] DEBUG org.hibernate.cfg.annotations.SimpleValueBinder - Starting fillSimpleValue for forumComment
17:40:02.794 [main] DEBUG org.hibernate.cfg.annotations.SimpleValueBinder - Starting fillSimpleValue for forumId
17:40:02.794 [main] DEBUG org.hibernate.cfg.annotations.SimpleValueBinder - Starting fillSimpleValue for userId
17:40:02.794 [main] DEBUG org.hibernate.cfg.annotations.SimpleValueBinder - Starting fillSimpleValue for username
17:40:02.794 [main] DEBUG org.hibernate.cfg.annotations.SimpleValueBinder - Starting fillSimpleValue for tableId
[...]
17:40:03.199 [main] DEBUG org.hibernate.loader.plan.build.internal.FetchStyleLoadPlanBuildingAssociationVisitationStrategy - Building LoadPlan...
17:40:03.199 [main] DEBUG org.hibernate.loader.plan.exec.internal.LoadQueryJoinAndFetchProcessor - processing queryspace &lt;gen:0&gt;
17:40:03.200 [main] DEBUG org.hibernate.loader.plan.build.spi.LoadPlanTreePrinter - LoadPlan(entity=com.niit.model.Friend)
    - Returns
       - EntityReturnImpl(entity=com.niit.model.Friend, querySpaceUid=&lt;gen:0&gt;, path=com.niit.model.Friend)
    - QuerySpaces
       - EntityQuerySpaceImpl(uid=&lt;gen:0&gt;, entity=com.niit.model.Friend)
          - SQL table alias mapping - friend0_
          - alias suffix - 0_
          - suffixed key columns - {tableId1_4_0_}

17:40:03.200 [main] DEBUG org.hibernate.loader.entity.plan.EntityLoader - Static select for entity com.niit.model.Friend [PESSIMISTIC_READ]: select friend0_.tableId as tableId1_4_0_, friend0_.friendId as friendId2_4_0_, friend0_.isOnline as isOnline3_4_0_, friend0_.status as status4_4_0_, friend0_.userId as userId5_4_0_ from CFriend friend0_ where friend0_.tableId=? for update
17:40:03.200 [main] DEBUG org.hibernate.loader.plan.build.internal.spaces.QuerySpacesImpl - Adding QuerySpace : uid = &lt;gen:0&gt; -&gt; org.hibernate.loader.plan.build.internal.spaces.EntityQuerySpaceImpl@4784efd9]
17:40:03.200 [main] DEBUG org.hibernate.persister.walking.spi.MetamodelGraphWalker - Visiting attribute path : friendId
17:40:03.200 [main] DEBUG org.hibernate.persister.walking.spi.MetamodelGraphWalker - Visiting attribute path : isOnline
17:40:03.200 [main] DEBUG org.hibernate.persister.walking.spi.MetamodelGraphWalker - Visiting attribute path : status
17:40:03.200 [main] DEBUG org.hibernate.persister.walking.spi.MetamodelGraphWalker - Visiting attribute path : userId
17:40:03.203 [main] DEBUG org.hibernate.loader.plan.build.internal.FetchStyleLoadPlanBuildingAssociationVisitationStrategy - Building LoadPlan...
17:40:03.203 [main] DEBUG org.hibernate.loader.plan.exec.internal.LoadQueryJoinAndFetchProcessor - processing queryspace &lt;gen:0&gt;
17:40:03.203 [main] DEBUG org.hibernate.loader.plan.build.spi.LoadPlanTreePrinter - LoadPlan(entity=com.niit.model.Friend)
    - Returns
       - EntityReturnImpl(entity=com.niit.model.Friend, querySpaceUid=&lt;gen:0&gt;, path=com.niit.model.Friend)
    - QuerySpaces
       - EntityQuerySpaceImpl(uid=&lt;gen:0&gt;, entity=com.niit.model.Friend)
          - SQL table alias mapping - friend0_
          - alias suffix - 0_
          - suffixed key columns - {tableId1_4_0_}

17:40:03.203 [main] DEBUG org.hibernate.loader.entity.plan.EntityLoader - Static select for entity com.niit.model.Friend [PESSIMISTIC_WRITE]: select friend0_.tableId as tableId1_4_0_, friend0_.friendId as friendId2_4_0_, friend0_.isOnline as isOnline3_4_0_, friend0_.status as status4_4_0_, friend0_.userId as userId5_4_0_ from CFriend friend0_ where friend0_.tableId=? for update
17:40:03.204 [main] DEBUG org.hibernate.loader.plan.build.internal.spaces.QuerySpacesImpl - Adding QuerySpace : uid = &lt;gen:0&gt; -&gt; org.hibernate.loader.plan.build.internal.spaces.EntityQuerySpaceImpl@427ae189]
17:40:03.204 [main] DEBUG org.hibernate.persister.walking.spi.MetamodelGraphWalker - Visiting attribute path : friendId
17:40:03.204 [main] DEBUG org.hibernate.persister.walking.spi.MetamodelGraphWalker - Visiting attribute path : isOnline
17:40:03.204 [main] DEBUG org.hibernate.persister.walking.spi.MetamodelGraphWalker - Visiting attribute path : status
17:40:03.204 [main] DEBUG org.hibernate.persister.walking.spi.MetamodelGraphWalker - Visiting attribute path : userId
17:40:03.208 [main] DEBUG org.hibernate.loader.plan.build.internal.FetchStyleLoadPlanBuildingAssociationVisitationStrategy - Building LoadPlan...
17:40:03.211 [main] DEBUG org.hibernate.loader.plan.exec.internal.LoadQueryJoinAndFetchProcessor - processing queryspace &lt;gen:0&gt;
17:40:03.211 [main] DEBUG org.hibernate.loader.plan.build.spi.LoadPlanTreePrinter - LoadPlan(entity=com.niit.model.Friend)
    - Returns
       - EntityReturnImpl(entity=com.niit.model.Friend, querySpaceUid=&lt;gen:0&gt;, path=com.niit.model.Friend)
    - QuerySpaces
       - EntityQuerySpaceImpl(uid=&lt;gen:0&gt;, entity=com.niit.model.Friend)
          - SQL table alias mapping - friend0_
          - alias suffix - 0_
          - suffixed key columns - {tableId1_4_0_}

17:40:03.211 [main] DEBUG org.hibernate.loader.entity.plan.EntityLoader - Static select for entity com.niit.model.Friend [PESSIMISTIC_FORCE_INCREMENT]: select friend0_.tableId as tableId1_4_0_, friend0_.friendId as friendId2_4_0_, friend0_.isOnline as isOnline3_4_0_, friend0_.status as status4_4_0_, friend0_.userId as userId5_4_0_ from CFriend friend0_ where friend0_.tableId=? for update
17:40:03.212 [main] DEBUG org.hibernate.loader.plan.build.internal.spaces.QuerySpacesImpl - Adding QuerySpace : uid = &lt;gen:0&gt; -&gt; org.hibernate.loader.plan.build.internal.spaces.EntityQuerySpaceImpl@76332405]
17:40:03.212 [main] DEBUG org.hibernate.persister.walking.spi.MetamodelGraphWalker - Visiting attribute path : friendId
17:40:03.213 [main] DEBUG org.hibernate.persister.walking.spi.MetamodelGraphWalker - Visiting attribute path : isOnline
17:40:03.213 [main] DEBUG org.hibernate.persister.walking.spi.MetamodelGraphWalker - Visiting attribute path : status
17:40:03.213 [main] DEBUG org.hibernate.persister.walking.spi.MetamodelGraphWalker - Visiting attribute path : userId
17:40:03.213 [main] DEBUG org.hibernate.loader.plan.build.internal.FetchStyleLoadPlanBuildingAssociationVisitationStrategy - Building LoadPlan...
17:40:03.213 [main] DEBUG org.hibernate.loader.plan.exec.internal.LoadQueryJoinAndFetchProcessor - processing queryspace &lt;gen:0&gt;
17:40:03.214 [main] DEBUG org.hibernate.loader.plan.build.spi.LoadPlanTreePrinter - LoadPlan(entity=com.niit.model.Friend)
    - Returns
       - EntityReturnImpl(entity=com.niit.model.Friend, querySpaceUid=&lt;gen:0&gt;, path=com.niit.model.Friend)
    - QuerySpaces
       - EntityQuerySpaceImpl(uid=&lt;gen:0&gt;, entity=com.niit.model.Friend)
          - SQL table alias mapping - friend0_
          - alias suffix - 0_
          - suffixed key columns - {tableId1_4_0_}

17:40:03.214 [main] DEBUG org.hibernate.loader.entity.plan.EntityLoader - Static select for entity com.niit.model.Friend [OPTIMISTIC]: select friend0_.tableId as tableId1_4_0_, friend0_.friendId as friendId2_4_0_, friend0_.isOnline as isOnline3_4_0_, friend0_.status as status4_4_0_, friend0_.userId as userId5_4_0_ from CFriend friend0_ where friend0_.tableId=?
17:40:03.214 [main] DEBUG org.hibernate.loader.plan.build.internal.spaces.QuerySpacesImpl - Adding QuerySpace : uid = &lt;gen:0&gt; -&gt; org.hibernate.loader.plan.build.internal.spaces.EntityQuerySpaceImpl@d1d8e1a]
17:40:03.214 [main] DEBUG org.hibernate.persister.walking.spi.MetamodelGraphWalker - Visiting attribute path : friendId
17:40:03.214 [main] DEBUG org.hibernate.persister.walking.spi.MetamodelGraphWalker - Visiting attribute path : isOnline
17:40:03.214 [main] DEBUG org.hibernate.persister.walking.spi.MetamodelGraphWalker - Visiting attribute path : status
17:40:03.214 [main] DEBUG org.hibernate.persister.walking.spi.MetamodelGraphWalker - Visiting attribute path : userId
17:40:03.214 [main] DEBUG org.hibernate.loader.plan.build.internal.FetchStyleLoadPlanBuildingAssociationVisitationStrategy - Building LoadPlan...
17:40:03.215 [main] DEBUG org.hibernate.loader.plan.exec.internal.LoadQueryJoinAndFetchProcessor - processing queryspace &lt;gen:0&gt;
17:40:03.215 [main] DEBUG org.hibernate.loader.plan.build.spi.LoadPlanTreePrinter - LoadPlan(entity=com.niit.model.Friend)
    - Returns
       - EntityReturnImpl(entity=com.niit.model.Friend, querySpaceUid=&lt;gen:0&gt;, path=com.niit.model.Friend)
    - QuerySpaces
       - EntityQuerySpaceImpl(uid=&lt;gen:0&gt;, entity=com.niit.model.Friend)
          - SQL table alias mapping - friend0_
          - alias suffix - 0_
          - suffixed key columns - {tableId1_4_0_}

17:40:03.215 [main] DEBUG org.hibernate.loader.entity.plan.EntityLoader - Static select for entity com.niit.model.Friend [OPTIMISTIC_FORCE_INCREMENT]: select friend0_.tableId as tableId1_4_0_, friend0_.friendId as friendId2_4_0_, friend0_.isOnline as isOnline3_4_0_, friend0_.status as status4_4_0_, friend0_.userId as userId5_4_0_ from CFriend friend0_ where friend0_.tableId=?
17:40:03.215 [main] DEBUG org.hibernate.loader.Loader - Static select for action ACTION_MERGE on entity com.niit.model.Friend: select friend0_.tableId as tableId1_4_0_, friend0_.friendId as friendId2_4_0_, friend0_.isOnline as isOnline3_4_0_, friend0_.status as status4_4_0_, friend0_.userId as userId5_4_0_ from CFriend friend0_ where friend0_.tableId=?
17:40:03.216 [main] DEBUG org.hibernate.loader.Loader - Static select for action ACTION_REFRESH on entity com.niit.model.Friend: select friend0_.tableId as tableId1_4_0_, friend0_.friendId as friendId2_4_0_, friend0_.isOnline as isOnline3_4_0_, friend0_.status as status4_4_0_, friend0_.userId as userId5_4_0_ from CFriend friend0_ where friend0_.tableId=?
17:40:03.216 [main] DEBUG org.hibernate.internal.SessionFactoryRegistry - Registering SessionFactory: 05f770a2-1fc9-414b-9bfe-f640eb9b895a (&lt;unnamed&gt;)
17:40:03.216 [main] DEBUG org.hibernate.internal.SessionFactoryRegistry - Not binding SessionFactory to JNDI, no JNDI name configured
17:40:03.216 [main] DEBUG org.hibernate.internal.SessionFactoryImpl - Instantiated session factory
17:40:03.218 [main] INFO org.hibernate.tool.hbm2ddl.SchemaUpdate - HHH000228: Running hbm2ddl schema update
17:40:03.218 [main] INFO org.hibernate.tool.hbm2ddl.SchemaUpdate - HHH000102: Fetching database metadata
17:40:03.270 [main] INFO org.hibernate.tool.hbm2ddl.SchemaUpdate - HHH000396: Updating schema
17:40:03.270 [main] DEBUG org.hibernate.cfg.Configuration - Processing hbm.xml files
17:40:03.270 [main] DEBUG org.hibernate.cfg.Configuration - Process annotated classes
17:40:03.270 [main] DEBUG org.hibernate.cfg.Configuration - Processing fk mappings (*ToOne and JoinedSubclass)
17:40:03.270 [main] DEBUG org.hibernate.cfg.Configuration - Processing extends queue
17:40:03.270 [main] DEBUG org.hibernate.cfg.Configuration - Processing extends queue
17:40:03.270 [main] DEBUG org.hibernate.cfg.Configuration - Processing collection mappings
17:40:03.270 [main] DEBUG org.hibernate.cfg.Configuration - Processing native query and ResultSetMapping mappings
17:40:03.270 [main] DEBUG org.hibernate.cfg.Configuration - Processing association property references
17:40:03.270 [main] DEBUG org.hibernate.cfg.Configuration - Creating tables&apos; unique integer identifiers
17:40:03.270 [main] DEBUG org.hibernate.cfg.Configuration - Processing foreign key constraints
17:40:03.277 [main] INFO org.hibernate.tool.hbm2ddl.TableMetadata - HHH000261: Table found: COLLABORATION.PUBLIC.CBLOG
17:40:03.277 [main] INFO org.hibernate.tool.hbm2ddl.TableMetadata - HHH000037: Columns: [blogname, blogcontent, createdate, blogid, userid, remarks, likes, status]
17:40:03.277 [main] INFO org.hibernate.tool.hbm2ddl.TableMetadata - HHH000108: Foreign keys: []
17:40:03.277 [main] INFO org.hibernate.tool.hbm2ddl.TableMetadata - HHH000126: Indexes: [primary_key_3]
17:40:03.281 [main] INFO org.hibernate.tool.hbm2ddl.TableMetadata - HHH000261: Table found: COLLABORATION.PUBLIC.CBLOGCOMMENT
17:40:03.281 [main] INFO org.hibernate.tool.hbm2ddl.TableMetadata - HHH000037: Columns: [commentdate, blogcommentid, blogid, userid, blogcomment, username]
17:40:03.281 [main] INFO org.hibernate.tool.hbm2ddl.TableMetadata - HHH000108: Foreign keys: []
17:40:03.281 [main] INFO org.hibernate.tool.hbm2ddl.TableMetadata - HHH000126: Indexes: [primary_key_e]
17:40:03.286 [main] INFO org.hibernate.tool.hbm2ddl.TableMetadata - HHH000261: Table found: COLLABORATION.PUBLIC.CFORUM
17:40:03.286 [main] INFO org.hibernate.tool.hbm2ddl.TableMetadata - HHH000037: Columns: [createdate, forumcontent, forumname, userid, forumid, remarks, status]
17:40:03.286 [main] INFO org.hibernate.tool.hbm2ddl.TableMetadata - HHH000108: Foreign keys: []
17:40:03.286 [main] INFO org.hibernate.tool.hbm2ddl.TableMetadata - HHH000126: Indexes: [primary_key_7]
17:40:03.290 [main] INFO org.hibernate.tool.hbm2ddl.TableMetadata - HHH000261: Table found: COLLABORATION.PUBLIC.CFORUMCOMMENT
17:40:03.290 [main] INFO org.hibernate.tool.hbm2ddl.TableMetadata - HHH000037: Columns: [forumcommentid, commentdate, forumcomment, userid, forumid, username]
17:40:03.290 [main] INFO org.hibernate.tool.hbm2ddl.TableMetadata - HHH000108: Foreign keys: []
17:40:03.290 [main] INFO org.hibernate.tool.hbm2ddl.TableMetadata - HHH000126: Indexes: [primary_key_9]
17:40:03.294 [main] INFO org.hibernate.tool.hbm2ddl.TableMetadata - HHH000261: Table found: COLLABORATION.PUBLIC.CFRIEND
17:40:03.294 [main] INFO org.hibernate.tool.hbm2ddl.TableMetadata - HHH000037: Columns: [friendid, tableid, userid, isonline, status]
17:40:03.294 [main] INFO org.hibernate.tool.hbm2ddl.TableMetadata - HHH000108: Foreign keys: []
17:40:03.294 [main] INFO org.hibernate.tool.hbm2ddl.TableMetadata - HHH000126: Indexes: [primary_key_5]
17:40:03.301 [main] INFO org.hibernate.tool.hbm2ddl.TableMetadata - HHH000261: Table found: COLLABORATION.PUBLIC.CJOB
17:40:03.301 [main] INFO org.hibernate.tool.hbm2ddl.TableMetadata - HHH000037: Columns: [jobid, jobdescription, jobtitle, jobstatus, createdate, jobqualification]
17:40:03.301 [main] INFO org.hibernate.tool.hbm2ddl.TableMetadata - HHH000108: Foreign keys: []
17:40:03.301 [main] INFO org.hibernate.tool.hbm2ddl.TableMetadata - HHH000126: Indexes: [primary_key_1]
17:40:03.305 [main] INFO org.hibernate.tool.hbm2ddl.TableMetadata - HHH000261: Table found: COLLABORATION.PUBLIC.CJOBAPPLIED
17:40:03.305 [main] INFO org.hibernate.tool.hbm2ddl.TableMetadata - HHH000037: Columns: [jobid, dateapplied, jobappliedid, userid, remarks, status]
17:40:03.305 [main] INFO org.hibernate.tool.hbm2ddl.TableMetadata - HHH000108: Foreign keys: []
17:40:03.305 [main] INFO org.hibernate.tool.hbm2ddl.TableMetadata - HHH000126: Indexes: [primary_key_19]
17:40:03.310 [main] INFO org.hibernate.tool.hbm2ddl.TableMetadata - HHH000261: Table found: COLLABORATION.PUBLIC.CPROFILEPIC
17:40:03.310 [main] INFO org.hibernate.tool.hbm2ddl.TableMetadata - HHH000037: Columns: [filename, filedata, profilepicsid, userid]
17:40:03.310 [main] INFO org.hibernate.tool.hbm2ddl.TableMetadata - HHH000108: Foreign keys: []
17:40:03.310 [main] INFO org.hibernate.tool.hbm2ddl.TableMetadata - HHH000126: Indexes: [primary_key_d]
17:40:03.316 [main] INFO org.hibernate.tool.hbm2ddl.TableMetadata - HHH000261: Table found: COLLABORATION.PUBLIC.CUSER
17:40:03.316 [main] INFO org.hibernate.tool.hbm2ddl.TableMetadata - HHH000037: Columns: [firstname, password, role, userid, email, remarks, isonline, lastname, status]
17:40:03.316 [main] INFO org.hibernate.tool.hbm2ddl.TableMetadata - HHH000108: Foreign keys: []
17:40:03.316 [main] INFO org.hibernate.tool.hbm2ddl.TableMetadata - HHH000126: Indexes: [primary_key_3d]
17:40:03.323 [main] INFO org.hibernate.tool.hbm2ddl.TableMetadata - HHH000261: Table found: COLLABORATION.PUBLIC.C_FORUM
17:40:03.323 [main] INFO org.hibernate.tool.hbm2ddl.TableMetadata - HHH000037: Columns: [user_id, id, created_date, message]
17:40:03.323 [main] INFO org.hibernate.tool.hbm2ddl.TableMetadata - HHH000108: Foreign keys: []
17:40:03.323 [main] INFO org.hibernate.tool.hbm2ddl.TableMetadata - HHH000126: Indexes: [primary_key_7e]
17:40:03.323 [main] DEBUG org.hibernate.id.factory.internal.DefaultIdentifierGeneratorFactory - Setting dialect [org.hibernate.dialect.H2Dialect]
17:40:03.323 [main] DEBUG org.hibernate.id.factory.internal.DefaultIdentifierGeneratorFactory - Setting dialect [org.hibernate.dialect.H2Dialect]
17:40:03.323 [main] DEBUG org.hibernate.id.factory.internal.DefaultIdentifierGeneratorFactory - Setting dialect [org.hibernate.dialect.H2Dialect]
17:40:03.323 [main] DEBUG org.hibernate.id.factory.internal.DefaultIdentifierGeneratorFactory - Setting dialect [org.hibernate.dialect.H2Dialect]
17:40:03.324 [main] DEBUG org.hibernate.id.factory.internal.DefaultIdentifierGeneratorFactory - Setting dialect [org.hibernate.dialect.H2Dialect]
17:40:03.324 [main] DEBUG org.hibernate.id.factory.internal.DefaultIdentifierGeneratorFactory - Setting dialect [org.hibernate.dialect.H2Dialect]
17:40:03.324 [main] DEBUG org.hibernate.id.factory.internal.DefaultIdentifierGeneratorFactory - Setting dialect [org.hibernate.dialect.H2Dialect]
17:40:03.324 [main] DEBUG org.hibernate.id.factory.internal.DefaultIdentifierGeneratorFactory - Setting dialect [org.hibernate.dialect.H2Dialect]
17:40:03.324 [main] DEBUG org.hibernate.id.factory.internal.DefaultIdentifierGeneratorFactory - Setting dialect [org.hibernate.dialect.H2Dialect]
17:40:03.324 [main] DEBUG org.hibernate.id.factory.internal.DefaultIdentifierGeneratorFactory - Setting dialect [org.hibernate.dialect.H2Dialect]
17:40:03.324 [main] INFO org.hibernate.tool.hbm2ddl.SchemaUpdate - HHH000232: Schema update complete
17:40:03.327 [main] DEBUG org.hibernate.internal.NamedQueryRepository - Checking 0 named HQL queries
17:40:03.328 [main] DEBUG org.hibernate.internal.NamedQueryRepository - Checking 0 named SQL queries
17:40:03.328 [main] DEBUG org.hibernate.stat.internal.StatisticsInitiator - Statistics initialized [enabled=false]
17:40:03.349 [main] DEBUG org.hibernate.internal.SessionFactoryImpl - HHH000031: Closing
17:40:03.349 [main] DEBUG org.hibernate.boot.registry.internal.BootstrapServiceRegistryImpl - Implicitly destroying Boot-strap registry on de-registration of all child ServiceRegistries
17:40:03.350 [main] DEBUG org.hibernate.service.internal.AbstractServiceRegistryImpl - Implicitly destroying ServiceRegistry on de-registration of all child ServiceRegistries
</system-out>
    <system-err>Nov 26, 2017 5:40:01 PM org.springframework.context.annotation.AnnotationConfigApplicationContext prepareRefresh
INFO: Refreshing org.springframework.context.annotation.AnnotationConfigApplicationContext@2b10ace9: startup date [Sun Nov 26 17:40:01 IST 2017]; root of context hierarchy
Nov 26, 2017 5:40:02 PM org.springframework.beans.factory.annotation.AutowiredAnnotationBeanPostProcessor doWith
WARNING: Autowired annotation is not supported on static fields: static org.springframework.context.annotation.AnnotationConfigApplicationContext com.niit.junittestcases.BlogCommentDAOTestCase.context
Nov 26, 2017 5:40:02 PM org.springframework.beans.factory.annotation.AutowiredAnnotationBeanPostProcessor doWith
WARNING: Autowired annotation is not supported on static fields: static com.niit.model.BlogComment com.niit.junittestcases.BlogCommentDAOTestCase.blogComment
Nov 26, 2017 5:40:02 PM org.springframework.beans.factory.annotation.AutowiredAnnotationBeanPostProcessor doWith
WARNING: Autowired annotation is not supported on static fields: static com.niit.dao.BlogCommentDAO com.niit.junittestcases.BlogCommentDAOTestCase.blogCommentDAO
Nov 26, 2017 5:40:02 PM org.springframework.jdbc.datasource.DriverManagerDataSource setDriverClassName
INFO: Loaded JDBC driver: org.h2.Driver
Nov 26, 2017 5:40:03 PM org.springframework.context.annotation.AnnotationConfigApplicationContext refresh
WARNING: Exception encountered during context initialization - cancelling refresh attempt: org.springframework.beans.factory.UnsatisfiedDependencyException: Error creating bean with name &apos;blogCommentController&apos;: Unsatisfied dependency expressed through field &apos;session&apos;; nested exception is org.springframework.beans.factory.NoSuchBeanDefinitionException: No qualifying bean of type &apos;javax.servlet.http.HttpSession&apos; available: expected at least 1 bean which qualifies as autowire candidate. Dependency annotations: {@org.springframework.beans.factory.annotation.Autowired(required=true)}
</system-err>
  </testcase>
</testsuite>